\BOOKMARK [1][-]{section.1}{Ejercicio 1}{}% 1
\BOOKMARK [2][-]{subsection.1.1}{Mediciones}{section.1}% 2
\BOOKMARK [2][-]{subsection.1.2}{Circuito utilizado}{section.1}% 3
\BOOKMARK [1][-]{section.2}{Ejercicio 2}{}% 4
\BOOKMARK [2][-]{subsection.2.1}{Introducci\363n}{section.2}% 5
\BOOKMARK [2][-]{subsection.2.2}{An\341lisis de datasheet}{section.2}% 6
\BOOKMARK [2][-]{subsection.2.3}{Medici\363n}{section.2}% 7
\BOOKMARK [2][-]{subsection.2.4}{Fanout}{section.2}% 8
\BOOKMARK [1][-]{section.3}{Ejercicio 3}{}% 9
\BOOKMARK [2][-]{subsection.3.1}{Introducci\363n}{section.3}% 10
\BOOKMARK [2][-]{subsection.3.2}{An\341lisis Te\363rico}{section.3}% 11
\BOOKMARK [2][-]{subsection.3.3}{Implementaci\363n}{section.3}% 12
\BOOKMARK [2][-]{subsection.3.4}{Mediciones y Conclusiones}{section.3}% 13
\BOOKMARK [1][-]{section.4}{Ejercicio 4}{}% 14
\BOOKMARK [2][-]{subsection.4.1}{Desarrollo emp\355rico}{section.4}% 15
\BOOKMARK [2][-]{subsection.4.2}{Medici\363n a altas frecuencias}{section.4}% 16
\BOOKMARK [2][-]{subsection.4.3}{Conclusiones}{section.4}% 17
\BOOKMARK [1][-]{section.5}{Ejercicio 5}{}% 18
\BOOKMARK [2][-]{subsection.5.1}{Introducci\363n}{section.5}% 19
\BOOKMARK [2][-]{subsection.5.2}{An\341lisis previo}{section.5}% 20
\BOOKMARK [2][-]{subsection.5.3}{Implementaci\363n pr\341ctica}{section.5}% 21
\BOOKMARK [2][-]{subsection.5.4}{Conclusiones}{section.5}% 22
\BOOKMARK [1][-]{section.6}{Ejercicio 6}{}% 23
\BOOKMARK [2][-]{subsection.6.1}{Introducci\363n}{section.6}% 24
\BOOKMARK [2][-]{subsection.6.2}{Latch SR}{section.6}% 25
\BOOKMARK [2][-]{subsection.6.3}{Flip Flop D}{section.6}% 26
\BOOKMARK [1][-]{section.7}{Ejercicio 7}{}% 27
\BOOKMARK [2][-]{subsection.7.1}{Introducci\363n}{section.7}% 28
\BOOKMARK [2][-]{subsection.7.2}{Dise\361o}{section.7}% 29
\BOOKMARK [2][-]{subsection.7.3}{An\341lisis de resultados}{section.7}% 30
\BOOKMARK [2][-]{subsection.7.4}{Contador asincr\363nico}{section.7}% 31
\BOOKMARK [2][-]{subsection.7.5}{Contador sincr\363nico}{section.7}% 32
\BOOKMARK [2][-]{subsection.7.6}{Resumen y conclusi\363n}{section.7}% 33
