This is pdfTeX, Version 3.14159265-2.6-1.40.18 (TeX Live 2017/Debian) (preloaded format=pdflatex 2019.9.3)  16 OCT 2019 22:40
entering extended mode
 restricted \write18 enabled.
 file:line:error style messages enabled.
 %&-line parsing enabled.
**main.tex
(./main.tex
LaTeX2e <2017-04-15>
Babel <3.18> and hyphenation patterns for 10 language(s) loaded.
(/usr/share/texlive/texmf-dist/tex/latex/base/article.cls
Document Class: article 2014/09/29 v1.4h Standard LaTeX document class
(/usr/share/texlive/texmf-dist/tex/latex/base/size11.clo
File: size11.clo 2014/09/29 v1.4h Standard LaTeX file (size option)
)
\c@part=\count79
\c@section=\count80
\c@subsection=\count81
\c@subsubsection=\count82
\c@paragraph=\count83
\c@subparagraph=\count84
\c@figure=\count85
\c@table=\count86
\abovecaptionskip=\skip41
\belowcaptionskip=\skip42
\bibindent=\dimen102
)
(/usr/share/texlive/texmf-dist/tex/latex/todonotes/todonotes.sty
Package: todonotes 2015/07/09 .dtx Todonotes source and documentation.
Package: todonotes 2012/07/25

(/usr/share/texlive/texmf-dist/tex/latex/base/ifthen.sty
Package: ifthen 2014/09/29 v1.1c Standard LaTeX ifthen package (DPC)
)
(/usr/share/texlive/texmf-dist/tex/latex/xkeyval/xkeyval.sty
Package: xkeyval 2014/12/03 v2.7a package option processing (HA)

(/usr/share/texlive/texmf-dist/tex/generic/xkeyval/xkeyval.tex
(/usr/share/texlive/texmf-dist/tex/generic/xkeyval/xkvutils.tex
\XKV@toks=\toks14
\XKV@tempa@toks=\toks15

(/usr/share/texlive/texmf-dist/tex/generic/xkeyval/keyval.tex))
\XKV@depth=\count87
File: xkeyval.tex 2014/12/03 v2.7a key=value parser (HA)
))
(/usr/share/texlive/texmf-dist/tex/latex/xcolor/xcolor.sty
Package: xcolor 2016/05/11 v2.12 LaTeX color extensions (UK)

(/usr/share/texlive/texmf-dist/tex/latex/graphics-cfg/color.cfg
File: color.cfg 2016/01/02 v1.6 sample color configuration
)
Package xcolor Info: Driver file: pdftex.def on input line 225.

(/usr/share/texlive/texmf-dist/tex/latex/graphics-def/pdftex.def
File: pdftex.def 2018/01/08 v1.0l Graphics/color driver for pdftex
)
Package xcolor Info: Model `cmy' substituted by `cmy0' on input line 1348.
Package xcolor Info: Model `hsb' substituted by `rgb' on input line 1352.
Package xcolor Info: Model `RGB' extended on input line 1364.
Package xcolor Info: Model `HTML' substituted by `rgb' on input line 1366.
Package xcolor Info: Model `Hsb' substituted by `hsb' on input line 1367.
Package xcolor Info: Model `tHsb' substituted by `hsb' on input line 1368.
Package xcolor Info: Model `HSB' substituted by `hsb' on input line 1369.
Package xcolor Info: Model `Gray' substituted by `gray' on input line 1370.
Package xcolor Info: Model `wave' substituted by `hsb' on input line 1371.
)
(/usr/share/texlive/texmf-dist/tex/latex/pgf/frontendlayer/tikz.sty
(/usr/share/texlive/texmf-dist/tex/latex/pgf/basiclayer/pgf.sty
(/usr/share/texlive/texmf-dist/tex/latex/pgf/utilities/pgfrcs.sty
(/usr/share/texlive/texmf-dist/tex/generic/pgf/utilities/pgfutil-common.tex
\pgfutil@everybye=\toks16
\pgfutil@tempdima=\dimen103
\pgfutil@tempdimb=\dimen104

(/usr/share/texlive/texmf-dist/tex/generic/pgf/utilities/pgfutil-common-lists.t
ex)) (/usr/share/texlive/texmf-dist/tex/generic/pgf/utilities/pgfutil-latex.def
\pgfutil@abb=\box26
(/usr/share/texlive/texmf-dist/tex/latex/ms/everyshi.sty
Package: everyshi 2001/05/15 v3.00 EveryShipout Package (MS)
))
(/usr/share/texlive/texmf-dist/tex/generic/pgf/utilities/pgfrcs.code.tex
Package: pgfrcs 2015/08/07 v3.0.1a (rcs-revision 1.31)
))
Package: pgf 2015/08/07 v3.0.1a (rcs-revision 1.15)

(/usr/share/texlive/texmf-dist/tex/latex/pgf/basiclayer/pgfcore.sty
(/usr/share/texlive/texmf-dist/tex/latex/graphics/graphicx.sty
Package: graphicx 2017/06/01 v1.1a Enhanced LaTeX Graphics (DPC,SPQR)

(/usr/share/texlive/texmf-dist/tex/latex/graphics/graphics.sty
Package: graphics 2017/06/25 v1.2c Standard LaTeX Graphics (DPC,SPQR)

(/usr/share/texlive/texmf-dist/tex/latex/graphics/trig.sty
Package: trig 2016/01/03 v1.10 sin cos tan (DPC)
)
(/usr/share/texlive/texmf-dist/tex/latex/graphics-cfg/graphics.cfg
File: graphics.cfg 2016/06/04 v1.11 sample graphics configuration
)
Package graphics Info: Driver file: pdftex.def on input line 99.
)
\Gin@req@height=\dimen105
\Gin@req@width=\dimen106
)
(/usr/share/texlive/texmf-dist/tex/latex/pgf/systemlayer/pgfsys.sty
(/usr/share/texlive/texmf-dist/tex/generic/pgf/systemlayer/pgfsys.code.tex
Package: pgfsys 2014/07/09 v3.0.1a (rcs-revision 1.48)

(/usr/share/texlive/texmf-dist/tex/generic/pgf/utilities/pgfkeys.code.tex
\pgfkeys@pathtoks=\toks17
\pgfkeys@temptoks=\toks18

(/usr/share/texlive/texmf-dist/tex/generic/pgf/utilities/pgfkeysfiltered.code.t
ex
\pgfkeys@tmptoks=\toks19
))
\pgf@x=\dimen107
\pgf@y=\dimen108
\pgf@xa=\dimen109
\pgf@ya=\dimen110
\pgf@xb=\dimen111
\pgf@yb=\dimen112
\pgf@xc=\dimen113
\pgf@yc=\dimen114
\w@pgf@writea=\write3
\r@pgf@reada=\read1
\c@pgf@counta=\count88
\c@pgf@countb=\count89
\c@pgf@countc=\count90
\c@pgf@countd=\count91
\t@pgf@toka=\toks20
\t@pgf@tokb=\toks21
\t@pgf@tokc=\toks22
 (/usr/share/texlive/texmf-dist/tex/generic/pgf/systemlayer/pgf.cfg
File: pgf.cfg 2008/05/14  (rcs-revision 1.7)
)
Driver file for pgf: pgfsys-pdftex.def

(/usr/share/texlive/texmf-dist/tex/generic/pgf/systemlayer/pgfsys-pdftex.def
File: pgfsys-pdftex.def 2014/10/11  (rcs-revision 1.35)

(/usr/share/texlive/texmf-dist/tex/generic/pgf/systemlayer/pgfsys-common-pdf.de
f
File: pgfsys-common-pdf.def 2013/10/10  (rcs-revision 1.13)
)))
(/usr/share/texlive/texmf-dist/tex/generic/pgf/systemlayer/pgfsyssoftpath.code.
tex
File: pgfsyssoftpath.code.tex 2013/09/09  (rcs-revision 1.9)
\pgfsyssoftpath@smallbuffer@items=\count92
\pgfsyssoftpath@bigbuffer@items=\count93
)
(/usr/share/texlive/texmf-dist/tex/generic/pgf/systemlayer/pgfsysprotocol.code.
tex
File: pgfsysprotocol.code.tex 2006/10/16  (rcs-revision 1.4)
))
(/usr/share/texlive/texmf-dist/tex/generic/pgf/basiclayer/pgfcore.code.tex
Package: pgfcore 2010/04/11 v3.0.1a (rcs-revision 1.7)

(/usr/share/texlive/texmf-dist/tex/generic/pgf/math/pgfmath.code.tex
(/usr/share/texlive/texmf-dist/tex/generic/pgf/math/pgfmathcalc.code.tex
(/usr/share/texlive/texmf-dist/tex/generic/pgf/math/pgfmathutil.code.tex)
(/usr/share/texlive/texmf-dist/tex/generic/pgf/math/pgfmathparser.code.tex
\pgfmath@dimen=\dimen115
\pgfmath@count=\count94
\pgfmath@box=\box27
\pgfmath@toks=\toks23
\pgfmath@stack@operand=\toks24
\pgfmath@stack@operation=\toks25
)
(/usr/share/texlive/texmf-dist/tex/generic/pgf/math/pgfmathfunctions.code.tex
(/usr/share/texlive/texmf-dist/tex/generic/pgf/math/pgfmathfunctions.basic.code
.tex)
(/usr/share/texlive/texmf-dist/tex/generic/pgf/math/pgfmathfunctions.trigonomet
ric.code.tex)
(/usr/share/texlive/texmf-dist/tex/generic/pgf/math/pgfmathfunctions.random.cod
e.tex)
(/usr/share/texlive/texmf-dist/tex/generic/pgf/math/pgfmathfunctions.comparison
.code.tex)
(/usr/share/texlive/texmf-dist/tex/generic/pgf/math/pgfmathfunctions.base.code.
tex)
(/usr/share/texlive/texmf-dist/tex/generic/pgf/math/pgfmathfunctions.round.code
.tex)
(/usr/share/texlive/texmf-dist/tex/generic/pgf/math/pgfmathfunctions.misc.code.
tex)
(/usr/share/texlive/texmf-dist/tex/generic/pgf/math/pgfmathfunctions.integerari
thmetics.code.tex)))
(/usr/share/texlive/texmf-dist/tex/generic/pgf/math/pgfmathfloat.code.tex
\c@pgfmathroundto@lastzeros=\count95
))
(/usr/share/texlive/texmf-dist/tex/generic/pgf/basiclayer/pgfcorepoints.code.te
x
File: pgfcorepoints.code.tex 2013/10/07  (rcs-revision 1.27)
\pgf@picminx=\dimen116
\pgf@picmaxx=\dimen117
\pgf@picminy=\dimen118
\pgf@picmaxy=\dimen119
\pgf@pathminx=\dimen120
\pgf@pathmaxx=\dimen121
\pgf@pathminy=\dimen122
\pgf@pathmaxy=\dimen123
\pgf@xx=\dimen124
\pgf@xy=\dimen125
\pgf@yx=\dimen126
\pgf@yy=\dimen127
\pgf@zx=\dimen128
\pgf@zy=\dimen129
)
(/usr/share/texlive/texmf-dist/tex/generic/pgf/basiclayer/pgfcorepathconstruct.
code.tex
File: pgfcorepathconstruct.code.tex 2013/10/07  (rcs-revision 1.29)
\pgf@path@lastx=\dimen130
\pgf@path@lasty=\dimen131
)
(/usr/share/texlive/texmf-dist/tex/generic/pgf/basiclayer/pgfcorepathusage.code
.tex
File: pgfcorepathusage.code.tex 2014/11/02  (rcs-revision 1.24)
\pgf@shorten@end@additional=\dimen132
\pgf@shorten@start@additional=\dimen133
)
(/usr/share/texlive/texmf-dist/tex/generic/pgf/basiclayer/pgfcorescopes.code.te
x
File: pgfcorescopes.code.tex 2015/05/08  (rcs-revision 1.46)
\pgfpic=\box28
\pgf@hbox=\box29
\pgf@layerbox@main=\box30
\pgf@picture@serial@count=\count96
)
(/usr/share/texlive/texmf-dist/tex/generic/pgf/basiclayer/pgfcoregraphicstate.c
ode.tex
File: pgfcoregraphicstate.code.tex 2014/11/02  (rcs-revision 1.12)
\pgflinewidth=\dimen134
)
(/usr/share/texlive/texmf-dist/tex/generic/pgf/basiclayer/pgfcoretransformation
s.code.tex
File: pgfcoretransformations.code.tex 2015/08/07  (rcs-revision 1.20)
\pgf@pt@x=\dimen135
\pgf@pt@y=\dimen136
\pgf@pt@temp=\dimen137
)
(/usr/share/texlive/texmf-dist/tex/generic/pgf/basiclayer/pgfcorequick.code.tex
File: pgfcorequick.code.tex 2008/10/09  (rcs-revision 1.3)
)
(/usr/share/texlive/texmf-dist/tex/generic/pgf/basiclayer/pgfcoreobjects.code.t
ex
File: pgfcoreobjects.code.tex 2006/10/11  (rcs-revision 1.2)
)
(/usr/share/texlive/texmf-dist/tex/generic/pgf/basiclayer/pgfcorepathprocessing
.code.tex
File: pgfcorepathprocessing.code.tex 2013/09/09  (rcs-revision 1.9)
)
(/usr/share/texlive/texmf-dist/tex/generic/pgf/basiclayer/pgfcorearrows.code.te
x
File: pgfcorearrows.code.tex 2015/05/14  (rcs-revision 1.43)
\pgfarrowsep=\dimen138
)
(/usr/share/texlive/texmf-dist/tex/generic/pgf/basiclayer/pgfcoreshade.code.tex
File: pgfcoreshade.code.tex 2013/07/15  (rcs-revision 1.15)
\pgf@max=\dimen139
\pgf@sys@shading@range@num=\count97
)
(/usr/share/texlive/texmf-dist/tex/generic/pgf/basiclayer/pgfcoreimage.code.tex
File: pgfcoreimage.code.tex 2013/07/15  (rcs-revision 1.18)

(/usr/share/texlive/texmf-dist/tex/generic/pgf/basiclayer/pgfcoreexternal.code.
tex
File: pgfcoreexternal.code.tex 2014/07/09  (rcs-revision 1.21)
\pgfexternal@startupbox=\box31
))
(/usr/share/texlive/texmf-dist/tex/generic/pgf/basiclayer/pgfcorelayers.code.te
x
File: pgfcorelayers.code.tex 2013/07/18  (rcs-revision 1.7)
)
(/usr/share/texlive/texmf-dist/tex/generic/pgf/basiclayer/pgfcoretransparency.c
ode.tex
File: pgfcoretransparency.code.tex 2013/09/30  (rcs-revision 1.5)
)
(/usr/share/texlive/texmf-dist/tex/generic/pgf/basiclayer/pgfcorepatterns.code.
tex
File: pgfcorepatterns.code.tex 2013/11/07  (rcs-revision 1.5)
)))
(/usr/share/texlive/texmf-dist/tex/generic/pgf/modules/pgfmoduleshapes.code.tex
File: pgfmoduleshapes.code.tex 2014/03/21  (rcs-revision 1.35)
\pgfnodeparttextbox=\box32
) (/usr/share/texlive/texmf-dist/tex/generic/pgf/modules/pgfmoduleplot.code.tex
File: pgfmoduleplot.code.tex 2015/08/03  (rcs-revision 1.13)
)
(/usr/share/texlive/texmf-dist/tex/latex/pgf/compatibility/pgfcomp-version-0-65
.sty
Package: pgfcomp-version-0-65 2007/07/03 v3.0.1a (rcs-revision 1.7)
\pgf@nodesepstart=\dimen140
\pgf@nodesepend=\dimen141
)
(/usr/share/texlive/texmf-dist/tex/latex/pgf/compatibility/pgfcomp-version-1-18
.sty
Package: pgfcomp-version-1-18 2007/07/23 v3.0.1a (rcs-revision 1.1)
)) (/usr/share/texlive/texmf-dist/tex/latex/pgf/utilities/pgffor.sty
(/usr/share/texlive/texmf-dist/tex/latex/pgf/utilities/pgfkeys.sty
(/usr/share/texlive/texmf-dist/tex/generic/pgf/utilities/pgfkeys.code.tex))
(/usr/share/texlive/texmf-dist/tex/latex/pgf/math/pgfmath.sty
(/usr/share/texlive/texmf-dist/tex/generic/pgf/math/pgfmath.code.tex))
(/usr/share/texlive/texmf-dist/tex/generic/pgf/utilities/pgffor.code.tex
Package: pgffor 2013/12/13 v3.0.1a (rcs-revision 1.25)

(/usr/share/texlive/texmf-dist/tex/generic/pgf/math/pgfmath.code.tex)
\pgffor@iter=\dimen142
\pgffor@skip=\dimen143
\pgffor@stack=\toks26
\pgffor@toks=\toks27
))
(/usr/share/texlive/texmf-dist/tex/generic/pgf/frontendlayer/tikz/tikz.code.tex
Package: tikz 2015/08/07 v3.0.1a (rcs-revision 1.151)

(/usr/share/texlive/texmf-dist/tex/generic/pgf/libraries/pgflibraryplothandlers
.code.tex
File: pgflibraryplothandlers.code.tex 2013/08/31 v3.0.1a (rcs-revision 1.20)
\pgf@plot@mark@count=\count98
\pgfplotmarksize=\dimen144
)
\tikz@lastx=\dimen145
\tikz@lasty=\dimen146
\tikz@lastxsaved=\dimen147
\tikz@lastysaved=\dimen148
\tikzleveldistance=\dimen149
\tikzsiblingdistance=\dimen150
\tikz@figbox=\box33
\tikz@figbox@bg=\box34
\tikz@tempbox=\box35
\tikz@tempbox@bg=\box36
\tikztreelevel=\count99
\tikznumberofchildren=\count100
\tikznumberofcurrentchild=\count101
\tikz@fig@count=\count102

(/usr/share/texlive/texmf-dist/tex/generic/pgf/modules/pgfmodulematrix.code.tex
File: pgfmodulematrix.code.tex 2013/09/17  (rcs-revision 1.8)
\pgfmatrixcurrentrow=\count103
\pgfmatrixcurrentcolumn=\count104
\pgf@matrix@numberofcolumns=\count105
)
\tikz@expandcount=\count106

(/usr/share/texlive/texmf-dist/tex/generic/pgf/frontendlayer/tikz/libraries/tik
zlibrarytopaths.code.tex
File: tikzlibrarytopaths.code.tex 2008/06/17 v3.0.1a (rcs-revision 1.2)
)))
(/usr/share/texlive/texmf-dist/tex/generic/pgf/frontendlayer/tikz/libraries/tik
zlibrarypositioning.code.tex
File: tikzlibrarypositioning.code.tex 2008/10/06 v3.0.1a (rcs-revision 1.7)
)
(/usr/share/texlive/texmf-dist/tex/latex/tools/calc.sty
Package: calc 2014/10/28 v4.3 Infix arithmetic (KKT,FJ)
\calc@Acount=\count107
\calc@Bcount=\count108
\calc@Adimen=\dimen151
\calc@Bdimen=\dimen152
\calc@Askip=\skip43
\calc@Bskip=\skip44
LaTeX Info: Redefining \setlength on input line 80.
LaTeX Info: Redefining \addtolength on input line 81.
\calc@Ccount=\count109
\calc@Cskip=\skip45
)
\c@@todonotes@numberoftodonotes=\count110
)
(/usr/share/texlive/texmf-dist/tex/latex/caption/subcaption.sty
Package: subcaption 2016/05/22 v1.1-161 Sub-captions (AR)

(/usr/share/texlive/texmf-dist/tex/latex/caption/caption.sty
Package: caption 2016/02/21 v3.3-144 Customizing captions (AR)

(/usr/share/texlive/texmf-dist/tex/latex/caption/caption3.sty
Package: caption3 2016/05/22 v1.7-166 caption3 kernel (AR)
Package caption3 Info: TeX engine: e-TeX on input line 67.
\captionmargin=\dimen153
\captionmargin@=\dimen154
\captionwidth=\dimen155
\caption@tempdima=\dimen156
\caption@indent=\dimen157
\caption@parindent=\dimen158
\caption@hangindent=\dimen159
)
\c@ContinuedFloat=\count111
)
\c@subfigure=\count112
\c@subtable=\count113
)
(/usr/share/texlive/texmf-dist/tex/latex/setspace/setspace.sty
Package: setspace 2011/12/19 v6.7a set line spacing
)
\stockheight=\skip46

(/usr/share/texlive/texmf-dist/tex/latex/hyperref/hyperref.sty
Package: hyperref 2018/02/06 v6.86b Hypertext links for LaTeX

(/usr/share/texlive/texmf-dist/tex/generic/oberdiek/hobsub-hyperref.sty
Package: hobsub-hyperref 2016/05/16 v1.14 Bundle oberdiek, subset hyperref (HO)


(/usr/share/texlive/texmf-dist/tex/generic/oberdiek/hobsub-generic.sty
Package: hobsub-generic 2016/05/16 v1.14 Bundle oberdiek, subset generic (HO)
Package: hobsub 2016/05/16 v1.14 Construct package bundles (HO)
Package: infwarerr 2016/05/16 v1.4 Providing info/warning/error messages (HO)
Package: ltxcmds 2016/05/16 v1.23 LaTeX kernel commands for general use (HO)
Package: ifluatex 2016/05/16 v1.4 Provides the ifluatex switch (HO)
Package ifluatex Info: LuaTeX not detected.
Package: ifvtex 2016/05/16 v1.6 Detect VTeX and its facilities (HO)
Package ifvtex Info: VTeX not detected.
Package: intcalc 2016/05/16 v1.2 Expandable calculations with integers (HO)
Package: ifpdf 2017/03/15 v3.2 Provides the ifpdf switch
Package: etexcmds 2016/05/16 v1.6 Avoid name clashes with e-TeX commands (HO)
Package etexcmds Info: Could not find \expanded.
(etexcmds)             That can mean that you are not using pdfTeX 1.50 or
(etexcmds)             that some package has redefined \expanded.
(etexcmds)             In the latter case, load this package earlier.
Package: kvsetkeys 2016/05/16 v1.17 Key value parser (HO)
Package: kvdefinekeys 2016/05/16 v1.4 Define keys (HO)
Package: pdftexcmds 2018/01/21 v0.26 Utility functions of pdfTeX for LuaTeX (HO
)
Package pdftexcmds Info: LuaTeX not detected.
Package pdftexcmds Info: \pdf@primitive is available.
Package pdftexcmds Info: \pdf@ifprimitive is available.
Package pdftexcmds Info: \pdfdraftmode found.
Package: pdfescape 2016/05/16 v1.14 Implements pdfTeX's escape features (HO)
Package: bigintcalc 2016/05/16 v1.4 Expandable calculations on big integers (HO
)
Package: bitset 2016/05/16 v1.2 Handle bit-vector datatype (HO)
Package: uniquecounter 2016/05/16 v1.3 Provide unlimited unique counter (HO)
)
Package hobsub Info: Skipping package `hobsub' (already loaded).
Package: letltxmacro 2016/05/16 v1.5 Let assignment for LaTeX macros (HO)
Package: hopatch 2016/05/16 v1.3 Wrapper for package hooks (HO)
Package: xcolor-patch 2016/05/16 xcolor patch
Package: atveryend 2016/05/16 v1.9 Hooks at the very end of document (HO)
Package atveryend Info: \enddocument detected (standard20110627).
Package: atbegshi 2016/06/09 v1.18 At begin shipout hook (HO)
Package: refcount 2016/05/16 v3.5 Data extraction from label references (HO)
Package: hycolor 2016/05/16 v1.8 Color options for hyperref/bookmark (HO)
)
(/usr/share/texlive/texmf-dist/tex/generic/ifxetex/ifxetex.sty
Package: ifxetex 2010/09/12 v0.6 Provides ifxetex conditional
)
(/usr/share/texlive/texmf-dist/tex/latex/oberdiek/auxhook.sty
Package: auxhook 2016/05/16 v1.4 Hooks for auxiliary files (HO)
)
(/usr/share/texlive/texmf-dist/tex/latex/oberdiek/kvoptions.sty
Package: kvoptions 2016/05/16 v3.12 Key value format for package options (HO)
)
\@linkdim=\dimen160
\Hy@linkcounter=\count114
\Hy@pagecounter=\count115

(/usr/share/texlive/texmf-dist/tex/latex/hyperref/pd1enc.def
File: pd1enc.def 2018/02/06 v6.86b Hyperref: PDFDocEncoding definition (HO)
)
\Hy@SavedSpaceFactor=\count116

(/usr/share/texlive/texmf-dist/tex/latex/latexconfig/hyperref.cfg
File: hyperref.cfg 2002/06/06 v1.2 hyperref configuration of TeXLive
)
Package hyperref Info: Hyper figures OFF on input line 4509.
Package hyperref Info: Link nesting OFF on input line 4514.
Package hyperref Info: Hyper index ON on input line 4517.
Package hyperref Info: Plain pages OFF on input line 4524.
Package hyperref Info: Backreferencing OFF on input line 4529.
Package hyperref Info: Implicit mode ON; LaTeX internals redefined.
Package hyperref Info: Bookmarks ON on input line 4762.
\c@Hy@tempcnt=\count117

(/usr/share/texlive/texmf-dist/tex/latex/url/url.sty
\Urlmuskip=\muskip10
Package: url 2013/09/16  ver 3.4  Verb mode for urls, etc.
)
LaTeX Info: Redefining \url on input line 5115.
\XeTeXLinkMargin=\dimen161
\Fld@menulength=\count118
\Field@Width=\dimen162
\Fld@charsize=\dimen163
Package hyperref Info: Hyper figures OFF on input line 6369.
Package hyperref Info: Link nesting OFF on input line 6374.
Package hyperref Info: Hyper index ON on input line 6377.
Package hyperref Info: backreferencing OFF on input line 6384.
Package hyperref Info: Link coloring OFF on input line 6389.
Package hyperref Info: Link coloring with OCG OFF on input line 6394.
Package hyperref Info: PDF/A mode OFF on input line 6399.
LaTeX Info: Redefining \ref on input line 6439.
LaTeX Info: Redefining \pageref on input line 6443.
\Hy@abspage=\count119
\c@Item=\count120
\c@Hfootnote=\count121
)
Package hyperref Info: Driver (autodetected): hpdftex.

(/usr/share/texlive/texmf-dist/tex/latex/hyperref/hpdftex.def
File: hpdftex.def 2018/02/06 v6.86b Hyperref driver for pdfTeX
\Fld@listcount=\count122
\c@bookmark@seq@number=\count123

(/usr/share/texlive/texmf-dist/tex/latex/oberdiek/rerunfilecheck.sty
Package: rerunfilecheck 2016/05/16 v1.8 Rerun checks for auxiliary files (HO)
Package uniquecounter Info: New unique counter `rerunfilecheck' on input line 2
82.
)
\Hy@SectionHShift=\skip47
)
(/usr/share/texlive/texmf-dist/tex/latex/geometry/geometry.sty
Package: geometry 2010/09/12 v5.6 Page Geometry
\Gm@cnth=\count124
\Gm@cntv=\count125
\c@Gm@tempcnt=\count126
\Gm@bindingoffset=\dimen164
\Gm@wd@mp=\dimen165
\Gm@odd@mp=\dimen166
\Gm@even@mp=\dimen167
\Gm@layoutwidth=\dimen168
\Gm@layoutheight=\dimen169
\Gm@layouthoffset=\dimen170
\Gm@layoutvoffset=\dimen171
\Gm@dimlist=\toks28
)
(/usr/share/texlive/texmf-dist/tex/latex/sansmathfonts/sansmathfonts.sty
Package: sansmathfonts 2013/03/22
LaTeX Font Info:    Redeclaring symbol font `operators' on input line 47.
LaTeX Font Info:    Overwriting symbol font `operators' in version `normal'
(Font)                  OT1/cmr/m/n --> OT1/cmsmf/m/n on input line 47.
LaTeX Font Info:    Overwriting symbol font `operators' in version `bold'
(Font)                  OT1/cmr/bx/n --> OT1/cmsmf/m/n on input line 47.
LaTeX Font Info:    Redeclaring symbol font `letters' on input line 48.
LaTeX Font Info:    Overwriting symbol font `letters' in version `normal'
(Font)                  OML/cmm/m/it --> OML/cmssm/m/it on input line 48.
LaTeX Font Info:    Overwriting symbol font `letters' in version `bold'
(Font)                  OML/cmm/b/it --> OML/cmssm/m/it on input line 48.
LaTeX Font Info:    Redeclaring symbol font `symbols' on input line 49.
LaTeX Font Info:    Overwriting symbol font `symbols' in version `normal'
(Font)                  OMS/cmsy/m/n --> OMS/cmsssy/m/n on input line 49.
LaTeX Font Info:    Overwriting symbol font `symbols' in version `bold'
(Font)                  OMS/cmsy/b/n --> OMS/cmsssy/m/n on input line 49.
LaTeX Font Info:    Redeclaring symbol font `largesymbols' on input line 50.
LaTeX Font Info:    Overwriting symbol font `largesymbols' in version `normal'
(Font)                  OMX/cmex/m/n --> OMX/cmssex/m/n on input line 50.
LaTeX Font Info:    Overwriting symbol font `largesymbols' in version `bold'
(Font)                  OMX/cmex/m/n --> OMX/cmssex/m/n on input line 50.
LaTeX Font Info:    Overwriting symbol font `operators' in version `bold'
(Font)                  OT1/cmsmf/m/n --> OT1/cmsmf/bx/n on input line 51.
LaTeX Font Info:    Overwriting symbol font `letters' in version `bold'
(Font)                  OML/cmssm/m/it --> OML/cmssm/b/it on input line 52.
LaTeX Font Info:    Overwriting symbol font `symbols' in version `bold'
(Font)                  OMS/cmsssy/m/n --> OMS/cmsssy/b/n on input line 53.
LaTeX Font Info:    Redeclaring math alphabet \mathbf on input line 79.
LaTeX Font Info:    Overwriting math alphabet `\mathbf' in version `normal'
(Font)                  OT1/cmr/bx/n --> OT1/cmsmf/bx/n on input line 79.
LaTeX Font Info:    Overwriting math alphabet `\mathbf' in version `bold'
(Font)                  OT1/cmr/bx/n --> OT1/cmsmf/bx/n on input line 79.
LaTeX Font Info:    Redeclaring math alphabet \mathsf on input line 80.
LaTeX Font Info:    Overwriting math alphabet `\mathsf' in version `normal'
(Font)                  OT1/cmss/m/n --> OT1/cmsmf/m/n on input line 80.
LaTeX Font Info:    Overwriting math alphabet `\mathsf' in version `bold'
(Font)                  OT1/cmss/bx/n --> OT1/cmsmf/m/n on input line 80.
LaTeX Font Info:    Redeclaring math alphabet \mathit on input line 81.
LaTeX Font Info:    Overwriting math alphabet `\mathit' in version `normal'
(Font)                  OT1/cmr/m/it --> OT1/cmsmf/m/it on input line 81.
LaTeX Font Info:    Overwriting math alphabet `\mathit' in version `bold'
(Font)                  OT1/cmr/bx/it --> OT1/cmsmf/m/it on input line 81.
LaTeX Font Info:    Redeclaring math alphabet \mathtt on input line 82.
LaTeX Font Info:    Overwriting math alphabet `\mathtt' in version `normal'
(Font)                  OT1/cmtt/m/n --> OT1/cmtt/m/n on input line 82.
LaTeX Font Info:    Overwriting math alphabet `\mathtt' in version `bold'
(Font)                  OT1/cmtt/m/n --> OT1/cmtt/m/n on input line 82.
LaTeX Font Info:    Overwriting math alphabet `\mathsf' in version `bold'
(Font)                  OT1/cmsmf/m/n --> OT1/cmsmf/bx/n on input line 83.
LaTeX Font Info:    Overwriting math alphabet `\mathit' in version `bold'
(Font)                  OT1/cmsmf/m/it --> OT1/cmsmf/bx/it on input line 84.
)
(/usr/share/texlive/texmf-dist/tex/latex/base/fontenc.sty
Package: fontenc 2017/04/05 v2.0i Standard LaTeX package

(/usr/share/texlive/texmf-dist/tex/latex/base/t1enc.def
File: t1enc.def 2017/04/05 v2.0i Standard LaTeX file
LaTeX Font Info:    Redeclaring font encoding T1 on input line 48.
))
(/usr/share/texlive/texmf-dist/tex/latex/base/inputenc.sty
Package: inputenc 2015/03/17 v1.2c Input encoding file
\inpenc@prehook=\toks29
\inpenc@posthook=\toks30

(/usr/share/texlive/texmf-dist/tex/latex/base/utf8.def
File: utf8.def 2017/01/28 v1.1t UTF-8 support for inputenc
Now handling font encoding OML ...
... no UTF-8 mapping file for font encoding OML
Now handling font encoding T1 ...
... processing UTF-8 mapping file for font encoding T1

(/usr/share/texlive/texmf-dist/tex/latex/base/t1enc.dfu
File: t1enc.dfu 2017/01/28 v1.1t UTF-8 support for inputenc
   defining Unicode char U+00A0 (decimal 160)
   defining Unicode char U+00A1 (decimal 161)
   defining Unicode char U+00A3 (decimal 163)
   defining Unicode char U+00AB (decimal 171)
   defining Unicode char U+00AD (decimal 173)
   defining Unicode char U+00BB (decimal 187)
   defining Unicode char U+00BF (decimal 191)
   defining Unicode char U+00C0 (decimal 192)
   defining Unicode char U+00C1 (decimal 193)
   defining Unicode char U+00C2 (decimal 194)
   defining Unicode char U+00C3 (decimal 195)
   defining Unicode char U+00C4 (decimal 196)
   defining Unicode char U+00C5 (decimal 197)
   defining Unicode char U+00C6 (decimal 198)
   defining Unicode char U+00C7 (decimal 199)
   defining Unicode char U+00C8 (decimal 200)
   defining Unicode char U+00C9 (decimal 201)
   defining Unicode char U+00CA (decimal 202)
   defining Unicode char U+00CB (decimal 203)
   defining Unicode char U+00CC (decimal 204)
   defining Unicode char U+00CD (decimal 205)
   defining Unicode char U+00CE (decimal 206)
   defining Unicode char U+00CF (decimal 207)
   defining Unicode char U+00D0 (decimal 208)
   defining Unicode char U+00D1 (decimal 209)
   defining Unicode char U+00D2 (decimal 210)
   defining Unicode char U+00D3 (decimal 211)
   defining Unicode char U+00D4 (decimal 212)
   defining Unicode char U+00D5 (decimal 213)
   defining Unicode char U+00D6 (decimal 214)
   defining Unicode char U+00D8 (decimal 216)
   defining Unicode char U+00D9 (decimal 217)
   defining Unicode char U+00DA (decimal 218)
   defining Unicode char U+00DB (decimal 219)
   defining Unicode char U+00DC (decimal 220)
   defining Unicode char U+00DD (decimal 221)
   defining Unicode char U+00DE (decimal 222)
   defining Unicode char U+00DF (decimal 223)
   defining Unicode char U+00E0 (decimal 224)
   defining Unicode char U+00E1 (decimal 225)
   defining Unicode char U+00E2 (decimal 226)
   defining Unicode char U+00E3 (decimal 227)
   defining Unicode char U+00E4 (decimal 228)
   defining Unicode char U+00E5 (decimal 229)
   defining Unicode char U+00E6 (decimal 230)
   defining Unicode char U+00E7 (decimal 231)
   defining Unicode char U+00E8 (decimal 232)
   defining Unicode char U+00E9 (decimal 233)
   defining Unicode char U+00EA (decimal 234)
   defining Unicode char U+00EB (decimal 235)
   defining Unicode char U+00EC (decimal 236)
   defining Unicode char U+00ED (decimal 237)
   defining Unicode char U+00EE (decimal 238)
   defining Unicode char U+00EF (decimal 239)
   defining Unicode char U+00F0 (decimal 240)
   defining Unicode char U+00F1 (decimal 241)
   defining Unicode char U+00F2 (decimal 242)
   defining Unicode char U+00F3 (decimal 243)
   defining Unicode char U+00F4 (decimal 244)
   defining Unicode char U+00F5 (decimal 245)
   defining Unicode char U+00F6 (decimal 246)
   defining Unicode char U+00F8 (decimal 248)
   defining Unicode char U+00F9 (decimal 249)
   defining Unicode char U+00FA (decimal 250)
   defining Unicode char U+00FB (decimal 251)
   defining Unicode char U+00FC (decimal 252)
   defining Unicode char U+00FD (decimal 253)
   defining Unicode char U+00FE (decimal 254)
   defining Unicode char U+00FF (decimal 255)
   defining Unicode char U+0100 (decimal 256)
   defining Unicode char U+0101 (decimal 257)
   defining Unicode char U+0102 (decimal 258)
   defining Unicode char U+0103 (decimal 259)
   defining Unicode char U+0104 (decimal 260)
   defining Unicode char U+0105 (decimal 261)
   defining Unicode char U+0106 (decimal 262)
   defining Unicode char U+0107 (decimal 263)
   defining Unicode char U+0108 (decimal 264)
   defining Unicode char U+0109 (decimal 265)
   defining Unicode char U+010A (decimal 266)
   defining Unicode char U+010B (decimal 267)
   defining Unicode char U+010C (decimal 268)
   defining Unicode char U+010D (decimal 269)
   defining Unicode char U+010E (decimal 270)
   defining Unicode char U+010F (decimal 271)
   defining Unicode char U+0110 (decimal 272)
   defining Unicode char U+0111 (decimal 273)
   defining Unicode char U+0112 (decimal 274)
   defining Unicode char U+0113 (decimal 275)
   defining Unicode char U+0114 (decimal 276)
   defining Unicode char U+0115 (decimal 277)
   defining Unicode char U+0116 (decimal 278)
   defining Unicode char U+0117 (decimal 279)
   defining Unicode char U+0118 (decimal 280)
   defining Unicode char U+0119 (decimal 281)
   defining Unicode char U+011A (decimal 282)
   defining Unicode char U+011B (decimal 283)
   defining Unicode char U+011C (decimal 284)
   defining Unicode char U+011D (decimal 285)
   defining Unicode char U+011E (decimal 286)
   defining Unicode char U+011F (decimal 287)
   defining Unicode char U+0120 (decimal 288)
   defining Unicode char U+0121 (decimal 289)
   defining Unicode char U+0122 (decimal 290)
   defining Unicode char U+0123 (decimal 291)
   defining Unicode char U+0124 (decimal 292)
   defining Unicode char U+0125 (decimal 293)
   defining Unicode char U+0128 (decimal 296)
   defining Unicode char U+0129 (decimal 297)
   defining Unicode char U+012A (decimal 298)
   defining Unicode char U+012B (decimal 299)
   defining Unicode char U+012C (decimal 300)
   defining Unicode char U+012D (decimal 301)
   defining Unicode char U+012E (decimal 302)
   defining Unicode char U+012F (decimal 303)
   defining Unicode char U+0130 (decimal 304)
   defining Unicode char U+0131 (decimal 305)
   defining Unicode char U+0132 (decimal 306)
   defining Unicode char U+0133 (decimal 307)
   defining Unicode char U+0134 (decimal 308)
   defining Unicode char U+0135 (decimal 309)
   defining Unicode char U+0136 (decimal 310)
   defining Unicode char U+0137 (decimal 311)
   defining Unicode char U+0139 (decimal 313)
   defining Unicode char U+013A (decimal 314)
   defining Unicode char U+013B (decimal 315)
   defining Unicode char U+013C (decimal 316)
   defining Unicode char U+013D (decimal 317)
   defining Unicode char U+013E (decimal 318)
   defining Unicode char U+0141 (decimal 321)
   defining Unicode char U+0142 (decimal 322)
   defining Unicode char U+0143 (decimal 323)
   defining Unicode char U+0144 (decimal 324)
   defining Unicode char U+0145 (decimal 325)
   defining Unicode char U+0146 (decimal 326)
   defining Unicode char U+0147 (decimal 327)
   defining Unicode char U+0148 (decimal 328)
   defining Unicode char U+014A (decimal 330)
   defining Unicode char U+014B (decimal 331)
   defining Unicode char U+014C (decimal 332)
   defining Unicode char U+014D (decimal 333)
   defining Unicode char U+014E (decimal 334)
   defining Unicode char U+014F (decimal 335)
   defining Unicode char U+0150 (decimal 336)
   defining Unicode char U+0151 (decimal 337)
   defining Unicode char U+0152 (decimal 338)
   defining Unicode char U+0153 (decimal 339)
   defining Unicode char U+0154 (decimal 340)
   defining Unicode char U+0155 (decimal 341)
   defining Unicode char U+0156 (decimal 342)
   defining Unicode char U+0157 (decimal 343)
   defining Unicode char U+0158 (decimal 344)
   defining Unicode char U+0159 (decimal 345)
   defining Unicode char U+015A (decimal 346)
   defining Unicode char U+015B (decimal 347)
   defining Unicode char U+015C (decimal 348)
   defining Unicode char U+015D (decimal 349)
   defining Unicode char U+015E (decimal 350)
   defining Unicode char U+015F (decimal 351)
   defining Unicode char U+0160 (decimal 352)
   defining Unicode char U+0161 (decimal 353)
   defining Unicode char U+0162 (decimal 354)
   defining Unicode char U+0163 (decimal 355)
   defining Unicode char U+0164 (decimal 356)
   defining Unicode char U+0165 (decimal 357)
   defining Unicode char U+0168 (decimal 360)
   defining Unicode char U+0169 (decimal 361)
   defining Unicode char U+016A (decimal 362)
   defining Unicode char U+016B (decimal 363)
   defining Unicode char U+016C (decimal 364)
   defining Unicode char U+016D (decimal 365)
   defining Unicode char U+016E (decimal 366)
   defining Unicode char U+016F (decimal 367)
   defining Unicode char U+0170 (decimal 368)
   defining Unicode char U+0171 (decimal 369)
   defining Unicode char U+0172 (decimal 370)
   defining Unicode char U+0173 (decimal 371)
   defining Unicode char U+0174 (decimal 372)
   defining Unicode char U+0175 (decimal 373)
   defining Unicode char U+0176 (decimal 374)
   defining Unicode char U+0177 (decimal 375)
   defining Unicode char U+0178 (decimal 376)
   defining Unicode char U+0179 (decimal 377)
   defining Unicode char U+017A (decimal 378)
   defining Unicode char U+017B (decimal 379)
   defining Unicode char U+017C (decimal 380)
   defining Unicode char U+017D (decimal 381)
   defining Unicode char U+017E (decimal 382)
   defining Unicode char U+01CD (decimal 461)
   defining Unicode char U+01CE (decimal 462)
   defining Unicode char U+01CF (decimal 463)
   defining Unicode char U+01D0 (decimal 464)
   defining Unicode char U+01D1 (decimal 465)
   defining Unicode char U+01D2 (decimal 466)
   defining Unicode char U+01D3 (decimal 467)
   defining Unicode char U+01D4 (decimal 468)
   defining Unicode char U+01E2 (decimal 482)
   defining Unicode char U+01E3 (decimal 483)
   defining Unicode char U+01E6 (decimal 486)
   defining Unicode char U+01E7 (decimal 487)
   defining Unicode char U+01E8 (decimal 488)
   defining Unicode char U+01E9 (decimal 489)
   defining Unicode char U+01EA (decimal 490)
   defining Unicode char U+01EB (decimal 491)
   defining Unicode char U+01F0 (decimal 496)
   defining Unicode char U+01F4 (decimal 500)
   defining Unicode char U+01F5 (decimal 501)
   defining Unicode char U+0218 (decimal 536)
   defining Unicode char U+0219 (decimal 537)
   defining Unicode char U+021A (decimal 538)
   defining Unicode char U+021B (decimal 539)
   defining Unicode char U+0232 (decimal 562)
   defining Unicode char U+0233 (decimal 563)
   defining Unicode char U+1E02 (decimal 7682)
   defining Unicode char U+1E03 (decimal 7683)
   defining Unicode char U+200C (decimal 8204)
   defining Unicode char U+2010 (decimal 8208)
   defining Unicode char U+2011 (decimal 8209)
   defining Unicode char U+2012 (decimal 8210)
   defining Unicode char U+2013 (decimal 8211)
   defining Unicode char U+2014 (decimal 8212)
   defining Unicode char U+2015 (decimal 8213)
   defining Unicode char U+2018 (decimal 8216)
   defining Unicode char U+2019 (decimal 8217)
   defining Unicode char U+201A (decimal 8218)
   defining Unicode char U+201C (decimal 8220)
   defining Unicode char U+201D (decimal 8221)
   defining Unicode char U+201E (decimal 8222)
   defining Unicode char U+2030 (decimal 8240)
   defining Unicode char U+2031 (decimal 8241)
   defining Unicode char U+2039 (decimal 8249)
   defining Unicode char U+203A (decimal 8250)
   defining Unicode char U+2423 (decimal 9251)
   defining Unicode char U+1E20 (decimal 7712)
   defining Unicode char U+1E21 (decimal 7713)
)
Now handling font encoding OT1 ...
... processing UTF-8 mapping file for font encoding OT1

(/usr/share/texlive/texmf-dist/tex/latex/base/ot1enc.dfu
File: ot1enc.dfu 2017/01/28 v1.1t UTF-8 support for inputenc
   defining Unicode char U+00A0 (decimal 160)
   defining Unicode char U+00A1 (decimal 161)
   defining Unicode char U+00A3 (decimal 163)
   defining Unicode char U+00AD (decimal 173)
   defining Unicode char U+00B8 (decimal 184)
   defining Unicode char U+00BF (decimal 191)
   defining Unicode char U+00C5 (decimal 197)
   defining Unicode char U+00C6 (decimal 198)
   defining Unicode char U+00D8 (decimal 216)
   defining Unicode char U+00DF (decimal 223)
   defining Unicode char U+00E6 (decimal 230)
   defining Unicode char U+00EC (decimal 236)
   defining Unicode char U+00ED (decimal 237)
   defining Unicode char U+00EE (decimal 238)
   defining Unicode char U+00EF (decimal 239)
   defining Unicode char U+00F8 (decimal 248)
   defining Unicode char U+0131 (decimal 305)
   defining Unicode char U+0141 (decimal 321)
   defining Unicode char U+0142 (decimal 322)
   defining Unicode char U+0152 (decimal 338)
   defining Unicode char U+0153 (decimal 339)
   defining Unicode char U+0174 (decimal 372)
   defining Unicode char U+0175 (decimal 373)
   defining Unicode char U+0176 (decimal 374)
   defining Unicode char U+0177 (decimal 375)
   defining Unicode char U+0218 (decimal 536)
   defining Unicode char U+0219 (decimal 537)
   defining Unicode char U+021A (decimal 538)
   defining Unicode char U+021B (decimal 539)
   defining Unicode char U+2013 (decimal 8211)
   defining Unicode char U+2014 (decimal 8212)
   defining Unicode char U+2018 (decimal 8216)
   defining Unicode char U+2019 (decimal 8217)
   defining Unicode char U+201C (decimal 8220)
   defining Unicode char U+201D (decimal 8221)
)
Now handling font encoding OMS ...
... processing UTF-8 mapping file for font encoding OMS

(/usr/share/texlive/texmf-dist/tex/latex/base/omsenc.dfu
File: omsenc.dfu 2017/01/28 v1.1t UTF-8 support for inputenc
   defining Unicode char U+00A7 (decimal 167)
   defining Unicode char U+00B6 (decimal 182)
   defining Unicode char U+00B7 (decimal 183)
   defining Unicode char U+2020 (decimal 8224)
   defining Unicode char U+2021 (decimal 8225)
   defining Unicode char U+2022 (decimal 8226)
)
Now handling font encoding OMX ...
... no UTF-8 mapping file for font encoding OMX
Now handling font encoding U ...
... no UTF-8 mapping file for font encoding U
Now handling font encoding PD1 ...
... no UTF-8 mapping file for font encoding PD1
   defining Unicode char U+00A9 (decimal 169)
   defining Unicode char U+00AA (decimal 170)
   defining Unicode char U+00AE (decimal 174)
   defining Unicode char U+00BA (decimal 186)
   defining Unicode char U+02C6 (decimal 710)
   defining Unicode char U+02DC (decimal 732)
   defining Unicode char U+200C (decimal 8204)
   defining Unicode char U+2026 (decimal 8230)
   defining Unicode char U+2122 (decimal 8482)
   defining Unicode char U+2423 (decimal 9251)
))
(/usr/share/texlive/texmf-dist/tex/latex/titlesec/titlesec.sty
Package: titlesec 2016/03/21 v2.10.2 Sectioning titles
\ttl@box=\box37
\beforetitleunit=\skip48
\aftertitleunit=\skip49
\ttl@plus=\dimen172
\ttl@minus=\dimen173
\ttl@toksa=\toks31
\titlewidth=\dimen174
\titlewidthlast=\dimen175
\titlewidthfirst=\dimen176
)
(/usr/share/texlive/texmf-dist/tex/latex/titlesec/ttlkeys.def
File: ttlkeys.def 2016/03/15
)
(/usr/share/texlive/texmf-dist/tex/latex/fancyhdr/fancyhdr.sty
Package: fancyhdr 2017/06/30 v3.9a Extensive control of page headers and footer
s
\f@nch@headwidth=\skip50
\f@nch@O@elh=\skip51
\f@nch@O@erh=\skip52
\f@nch@O@olh=\skip53
\f@nch@O@orh=\skip54
\f@nch@O@elf=\skip55
\f@nch@O@erf=\skip56
\f@nch@O@olf=\skip57
\f@nch@O@orf=\skip58
)
Package hyperref Info: Option `colorlinks' set `true' on input line 53.

(/usr/share/texlive/texmf-dist/tex/generic/babel/babel.sty
Package: babel 2018/02/14 3.18 The Babel package

(/usr/share/texlive/texmf-dist/tex/generic/babel/switch.def
File: switch.def 2018/02/14 3.18 Babel switching mechanism
)
(/usr/share/texlive/texmf-dist/tex/generic/babel-spanish/spanish.ldf
Language: spanish.ldf 2016/03/03 v5.0p Spanish support from the babel system

(/usr/share/texlive/texmf-dist/tex/generic/babel/babel.def
File: babel.def 2018/02/14 3.18 Babel common definitions
\babel@savecnt=\count127
\U@D=\dimen177

(/usr/share/texlive/texmf-dist/tex/generic/babel/txtbabel.def)
\bbl@dirlevel=\count128
)
\es@quottoks=\toks32
\es@quotdepth=\count129
Package babel Info: Making " an active character on input line 561.
Package babel Info: Making < an active character on input line 707.
Package babel Info: Making > an active character on input line 707.
))
(/usr/share/texlive/texmf-dist/tex/latex/amsfonts/amssymb.sty
Package: amssymb 2013/01/14 v3.01 AMS font symbols

(/usr/share/texlive/texmf-dist/tex/latex/amsfonts/amsfonts.sty
Package: amsfonts 2013/01/14 v3.01 Basic AMSFonts support
\@emptytoks=\toks33
\symAMSa=\mathgroup4
\symAMSb=\mathgroup5
LaTeX Font Info:    Overwriting math alphabet `\mathfrak' in version `bold'
(Font)                  U/euf/m/n --> U/euf/b/n on input line 106.
))
(/usr/share/texlive/texmf-dist/tex/latex/amsmath/amsmath.sty
Package: amsmath 2017/09/02 v2.17a AMS math features
\@mathmargin=\skip59

For additional information on amsmath, use the `?' option.
(/usr/share/texlive/texmf-dist/tex/latex/amsmath/amstext.sty
Package: amstext 2000/06/29 v2.01 AMS text

(/usr/share/texlive/texmf-dist/tex/latex/amsmath/amsgen.sty
File: amsgen.sty 1999/11/30 v2.0 generic functions
\@emptytoks=\toks34
\ex@=\dimen178
))
(/usr/share/texlive/texmf-dist/tex/latex/amsmath/amsbsy.sty
Package: amsbsy 1999/11/29 v1.2d Bold Symbols
\pmbraise@=\dimen179
)
(/usr/share/texlive/texmf-dist/tex/latex/amsmath/amsopn.sty
Package: amsopn 2016/03/08 v2.02 operator names
)
\inf@bad=\count130
LaTeX Info: Redefining \frac on input line 213.
\uproot@=\count131
\leftroot@=\count132
LaTeX Info: Redefining \overline on input line 375.
\classnum@=\count133
\DOTSCASE@=\count134
LaTeX Info: Redefining \ldots on input line 472.
LaTeX Info: Redefining \dots on input line 475.
LaTeX Info: Redefining \cdots on input line 596.
\Mathstrutbox@=\box38
\strutbox@=\box39
\big@size=\dimen180
LaTeX Font Info:    Redeclaring font encoding OML on input line 712.
LaTeX Font Info:    Redeclaring font encoding OMS on input line 713.
\macc@depth=\count135
\c@MaxMatrixCols=\count136
\dotsspace@=\muskip11
\c@parentequation=\count137
\dspbrk@lvl=\count138
\tag@help=\toks35
\row@=\count139
\column@=\count140
\maxfields@=\count141
\andhelp@=\toks36
\eqnshift@=\dimen181
\alignsep@=\dimen182
\tagshift@=\dimen183
\tagwidth@=\dimen184
\totwidth@=\dimen185
\lineht@=\dimen186
\@envbody=\toks37
\multlinegap=\skip60
\multlinetaggap=\skip61
\mathdisplay@stack=\toks38
LaTeX Info: Redefining \[ on input line 2817.
LaTeX Info: Redefining \] on input line 2818.
)
(/usr/share/texlive/texmf-dist/tex/latex/natbib/natbib.sty
Package: natbib 2010/09/13 8.31b (PWD, AO)
\bibhang=\skip62
\bibsep=\skip63
LaTeX Info: Redefining \cite on input line 694.
\c@NAT@ctr=\count142
)
(/usr/share/texlive/texmf-dist/tex/generic/pgf/frontendlayer/tikz/libraries/tik
zlibrarybabel.code.tex
File: tikzlibrarybabel.code.tex 2013/06/24 v3.0.1a (rcs-revision 1.1)
)
(/usr/share/texlive/texmf-dist/tex/latex/placeins/placeins.sty
Package: placeins 2005/04/18  v 2.2
)
(/usr/share/texlive/texmf-dist/tex/latex/tools/longtable.sty
Package: longtable 2014/10/28 v4.11 Multi-page Table package (DPC)
\LTleft=\skip64
\LTright=\skip65
\LTpre=\skip66
\LTpost=\skip67
\LTchunksize=\count143
\LTcapwidth=\dimen187
\LT@head=\box40
\LT@firsthead=\box41
\LT@foot=\box42
\LT@lastfoot=\box43
\LT@cols=\count144
\LT@rows=\count145
\c@LT@tables=\count146
\c@LT@chunks=\count147
\LT@p@ftn=\toks39
)
(/usr/share/texlive/texmf-dist/tex/latex/tools/array.sty
Package: array 2016/10/06 v2.4d Tabular extension package (FMi)
\col@sep=\dimen188
\extrarowheight=\dimen189
\NC@list=\toks40
\extratabsurround=\skip68
\backup@length=\skip69
)
(/usr/share/texlive/texmf-dist/tex/latex/float/float.sty
Package: float 2001/11/08 v1.3d Float enhancements (AL)
\c@float@type=\count148
\float@exts=\toks41
\float@box=\box44
\@float@everytoks=\toks42
\@floatcapt=\box45
)
(/usr/share/texlive/texmf-dist/tex/latex/csvsimple/csvsimple.sty
Package: csvsimple 2016/07/01 version 1.20 LaTeX CSV file processing

(/usr/share/texlive/texmf-dist/tex/latex/etoolbox/etoolbox.sty
Package: etoolbox 2018/02/11 v2.5e e-TeX tools for LaTeX (JAW)
\etb@tempcnta=\count149
)
(/usr/share/texlive/texmf-dist/tex/latex/tools/shellesc.sty
Package: shellesc 2016/06/07 v0.02a unified shell escape interface for LaTeX
Package shellesc Info: Restricted shell escape enabled on input line 69.
)
\csv@file=\read2
\c@csvinputline=\count150
\c@csvrow=\count151
\c@csvcol=\count152
\csv@out=\write4
)
(/usr/share/texlive/texmf-dist/tex/latex/booktabs/booktabs.sty
Package: booktabs 2016/04/27 v1.618033 publication quality tables
\heavyrulewidth=\dimen190
\lightrulewidth=\dimen191
\cmidrulewidth=\dimen192
\belowrulesep=\dimen193
\belowbottomsep=\dimen194
\aboverulesep=\dimen195
\abovetopsep=\dimen196
\cmidrulesep=\dimen197
\cmidrulekern=\dimen198
\defaultaddspace=\dimen199
\@cmidla=\count153
\@cmidlb=\count154
\@aboverulesep=\dimen256
\@belowrulesep=\dimen257
\@thisruleclass=\count155
\@lastruleclass=\count156
\@thisrulewidth=\dimen258
)
(/usr/share/texlive/texmf-dist/tex/latex/circuitikz/circuitikz.sty
Package: circuitikz 2017/05/28{} The CircuiTikz circuit drawing package version
 0.8.3

(/usr/share/texlive/texmf-dist/tex/generic/pgf/frontendlayer/tikz/libraries/tik
zlibrarycalc.code.tex
File: tikzlibrarycalc.code.tex 2013/07/15 v3.0.1a (rcs-revision 1.9)
)
(/usr/share/texlive/texmf-dist/tex/generic/pgf/libraries/pgflibraryarrows.code.
tex
File: pgflibraryarrows.code.tex 2013/09/23 v3.0.1a (rcs-revision 1.16)
\arrowsize=\dimen259
) (/usr/share/texlive/texmf-dist/tex/generic/circuitikz/pgfcirc.defines.tex
\pgf@circ@res@up=\dimen260
\pgf@circ@res@down=\dimen261
\pgf@circ@res@zero=\dimen262
\pgf@circ@res@left=\dimen263
\pgf@circ@res@right=\dimen264
\pgf@circ@res@other=\dimen265
\pgf@circ@res@step=\dimen266
\pgf@circ@res@temp=\dimen267
\pgfstartlinewidth=\dimen268
\pgf@circ@Rlen=\dimen269
) (/usr/share/texlive/texmf-dist/tex/generic/circuitikz/pgfcircutils.tex)
(/usr/share/texlive/texmf-dist/tex/generic/circuitikz/pgfcircshapes.tex)
(/usr/share/texlive/texmf-dist/tex/generic/circuitikz/pgfcircmonopoles.tex)
(/usr/share/texlive/texmf-dist/tex/generic/circuitikz/pgfcircbipoles.tex)
(/usr/share/texlive/texmf-dist/tex/generic/circuitikz/pgfcirctripoles.tex)
(/usr/share/texlive/texmf-dist/tex/generic/circuitikz/pgfcircquadpoles.tex)
(/usr/share/texlive/texmf-dist/tex/generic/circuitikz/pgfcirclabel.tex)
(/usr/share/texlive/texmf-dist/tex/generic/circuitikz/pgfcircvoltage.tex)
(/usr/share/texlive/texmf-dist/tex/generic/circuitikz/pgfcirccurrent.tex)
(/usr/share/texlive/texmf-dist/tex/generic/circuitikz/pgfcircflow.tex)
(/usr/share/texlive/texmf-dist/tex/generic/circuitikz/pgfcircpath.tex))

./main.tex:86: LaTeX Error: Option clash for package graphicx.

See the LaTeX manual or LaTeX Companion for explanation.
Type  H <return>  for immediate help.
 ...                                              
                                                  
l.86 \usepackage
                {subcaption}
The package graphicx has already been loaded with options:
  []
There has now been an attempt to load it with options
  [demo]
Adding the global options:
  ,demo
to your \documentclass declaration may fix this.
Try typing  <return>  to proceed.


(/usr/share/texlive/texmf-dist/tex/generic/pgf/frontendlayer/tikz/libraries/tik
zlibrarymatrix.code.tex
File: tikzlibrarymatrix.code.tex 2013/07/12 v3.0.1a (rcs-revision 1.4)
) (./main.aux
LaTeX Info: Redefining \. on input line 23.
LaTeX Info: Redefining \% on input line 23.


LaTeX Warning: Label `ej6_tabla_flip_flop_D' multiply defined.

)
\openout1 = `main.aux'.

LaTeX Font Info:    Checking defaults for OML/cmssm/m/it on input line 257.
LaTeX Font Info:    Try loading font information for OML+cmssm on input line 25
7.
 (/usr/share/texlive/texmf-dist/tex/latex/sansmathfonts/omlcmssm.fd
File: omlcmssm.fd 2013/03/22
)
LaTeX Font Info:    ... okay on input line 257.
LaTeX Font Info:    Checking defaults for T1/cmr/m/n on input line 257.
LaTeX Font Info:    ... okay on input line 257.
LaTeX Font Info:    Checking defaults for OT1/cmr/m/n on input line 257.
LaTeX Font Info:    ... okay on input line 257.
LaTeX Font Info:    Checking defaults for OMS/cmsssy/m/n on input line 257.
LaTeX Font Info:    Try loading font information for OMS+cmsssy on input line 2
57.

(/usr/share/texlive/texmf-dist/tex/latex/sansmathfonts/omscmsssy.fd
File: omscmsssy.fd 2013/03/22
)
LaTeX Font Info:    ... okay on input line 257.
LaTeX Font Info:    Checking defaults for OMX/cmssex/m/n on input line 257.
LaTeX Font Info:    Try loading font information for OMX+cmssex on input line 2
57.

(/usr/share/texlive/texmf-dist/tex/latex/sansmathfonts/omxcmssex.fd
File: omxcmssex.fd 2013/03/22
)
LaTeX Font Info:    ... okay on input line 257.
LaTeX Font Info:    Checking defaults for U/xcmss/m/n on input line 257.
LaTeX Font Info:    Try loading font information for U+xcmss on input line 257.


(/usr/share/texlive/texmf-dist/tex/latex/sansmathfonts/uxcmss.fd
File: uxcmss.fd 2013/03/22
)
LaTeX Font Info:    ... okay on input line 257.
LaTeX Font Info:    Checking defaults for PD1/pdf/m/n on input line 257.
LaTeX Font Info:    ... okay on input line 257.
LaTeX Font Info:    Try loading font information for T1+xcmss on input line 257
.

(/usr/share/texlive/texmf-dist/tex/latex/sansmathfonts/t1xcmss.fd
File: t1xcmss.fd 2013/03/22
)
(/usr/share/texlive/texmf-dist/tex/context/base/mkii/supp-pdf.mkii
[Loading MPS to PDF converter (version 2006.09.02).]
\scratchcounter=\count157
\scratchdimen=\dimen270
\scratchbox=\box46
\nofMPsegments=\count158
\nofMParguments=\count159
\everyMPshowfont=\toks43
\MPscratchCnt=\count160
\MPscratchDim=\dimen271
\MPnumerator=\count161
\makeMPintoPDFobject=\count162
\everyMPtoPDFconversion=\toks44
) (/usr/share/texlive/texmf-dist/tex/latex/oberdiek/epstopdf-base.sty
Package: epstopdf-base 2016/05/15 v2.6 Base part for package epstopdf

(/usr/share/texlive/texmf-dist/tex/latex/oberdiek/grfext.sty
Package: grfext 2016/05/16 v1.2 Manage graphics extensions (HO)
)
Package epstopdf-base Info: Redefining graphics rule for `.eps' on input line 4
38.
Package grfext Info: Graphics extension search list:
(grfext)             [.pdf,.png,.jpg,.mps,.jpeg,.jbig2,.jb2,.PDF,.PNG,.JPG,.JPE
G,.JBIG2,.JB2,.eps]
(grfext)             \AppendGraphicsExtensions on input line 456.

(/usr/share/texlive/texmf-dist/tex/latex/latexconfig/epstopdf-sys.cfg
File: epstopdf-sys.cfg 2010/07/13 v1.3 Configuration of (r)epstopdf for TeX Liv
e
))
ABD: EveryShipout initializing macros
Package caption Info: Begin \AtBeginDocument code.
Package caption Info: float package is loaded.
Package caption Info: hyperref package is loaded.
Package caption Info: longtable package is loaded.

(/usr/share/texlive/texmf-dist/tex/latex/caption/ltcaption.sty
Package: ltcaption 2013/06/09 v1.4-94 longtable captions (AR)
)
Package caption Info: End \AtBeginDocument code.
\AtBeginShipoutBox=\box47
Package hyperref Info: Link coloring ON on input line 257.

(/usr/share/texlive/texmf-dist/tex/latex/hyperref/nameref.sty
Package: nameref 2016/05/21 v2.44 Cross-referencing by name of section

(/usr/share/texlive/texmf-dist/tex/generic/oberdiek/gettitlestring.sty
Package: gettitlestring 2016/05/16 v1.5 Cleanup title references (HO)
)
\c@section@level=\count163
)
LaTeX Info: Redefining \ref on input line 257.
LaTeX Info: Redefining \pageref on input line 257.
LaTeX Info: Redefining \nameref on input line 257.

(./main.out) (./main.out)
\@outlinefile=\write5
\openout5 = `main.out'.


*geometry* driver: auto-detecting
*geometry* detected driver: pdftex
*geometry* verbose mode - [ preamble ] result:
* driver: pdftex
* paper: a4paper
* layout: <same size as paper>
* layoutoffset:(h,v)=(0.0pt,0.0pt)
* modes: includehead 
* h-part:(L,W,R)=(85.35826pt, 441.01773pt, 71.13188pt)
* v-part:(T,H,B)=(71.13188pt, 702.78308pt, 71.13188pt)
* \paperwidth=597.50787pt
* \paperheight=845.04684pt
* \textwidth=441.01773pt
* \textheight=672.05412pt
* \oddsidemargin=13.08827pt
* \evensidemargin=13.08827pt
* \topmargin=-1.1381pt
* \headheight=13.65732pt
* \headsep=17.07164pt
* \topskip=11.0pt
* \footskip=19.91692pt
* \marginparwidth=62.59605pt
* \marginparsep=5.69054pt
* \columnsep=10.0pt
* \skip\footins=10.0pt plus 4.0pt minus 2.0pt
* \hoffset=0.0pt
* \voffset=0.0pt
* \mag=1000
* \@twocolumnfalse
* \@twosidefalse
* \@mparswitchfalse
* \@reversemarginfalse
* (1in=72.27pt=25.4mm, 1cm=28.453pt)

LaTeX Font Info:    Redeclaring symbol font `AMSa' on input line 257.
LaTeX Font Info:    Overwriting symbol font `AMSa' in version `normal'
(Font)                  U/msa/m/n --> U/ssmsa/m/n on input line 257.
LaTeX Font Info:    Overwriting symbol font `AMSa' in version `bold'
(Font)                  U/msa/m/n --> U/ssmsa/m/n on input line 257.
LaTeX Font Info:    Redeclaring symbol font `AMSb' on input line 257.
LaTeX Font Info:    Overwriting symbol font `AMSb' in version `normal'
(Font)                  U/msb/m/n --> U/ssmsb/m/n on input line 257.
LaTeX Font Info:    Overwriting symbol font `AMSb' in version `bold'
(Font)                  U/msb/m/n --> U/ssmsb/m/n on input line 257.
LaTeX Info: Redefining \. on input line 257.
LaTeX Info: Redefining \% on input line 257.
(./preamble/title_data.tex) (./preamble/title_page.tex
<figs/logo_itba.png, id=140, 1763.08687pt x 1208.26407pt>
File: figs/logo_itba.png Graphic file (type png)
<use figs/logo_itba.png>
Package pdftex.def Info: figs/logo_itba.png  used on input line 11.
(pdftex.def)             Requested size: 92.5729pt x 54.06023pt.
LaTeX Font Info:    Try loading font information for OT1+cmsmf on input line 20
.

(/usr/share/texlive/texmf-dist/tex/latex/sansmathfonts/ot1cmsmf.fd
File: ot1cmsmf.fd 2013/03/22
)
LaTeX Font Info:    External font `cmssex10' loaded for size
(Font)              <24.88> on input line 20.
LaTeX Font Info:    External font `cmssex10' loaded for size
(Font)              <20.74> on input line 20.
LaTeX Font Info:    External font `cmssex10' loaded for size
(Font)              <17.28> on input line 20.
LaTeX Font Info:    Try loading font information for U+ssmsa on input line 20.

(/usr/share/texlive/texmf-dist/tex/latex/sansmathfonts/ussmsa.fd
File: ussmsa.fd 2013/03/22
)
LaTeX Font Info:    Try loading font information for U+ssmsb on input line 20.

(/usr/share/texlive/texmf-dist/tex/latex/sansmathfonts/ussmsb.fd
File: ussmsb.fd 2013/03/22
)
LaTeX Font Info:    External font `cmssex10' loaded for size
(Font)              <14.4> on input line 20.
LaTeX Font Info:    External font `cmssex10' loaded for size
(Font)              <12> on input line 20.

./preamble/title_page.tex:22: Undefined control sequence.
<recently read> \@subtitle 
                           
l.22 			{\huge \textbf{\@subtitle}
                                  \par}
The control sequence at the end of the top line
of your error message was never \def'ed. If you have
misspelled it (e.g., `\hobx'), type `I' and the correct
spelling (e.g., `I\hbox'). Otherwise just continue,
and I'll forget about whatever was undefined.

[1

{/var/lib/texmf/fonts/map/pdftex/updmap/pdftex.map} <./figs/logo_itba.png>])
(./main.toc
LaTeX Info: Redefining \. on input line 1.
LaTeX Info: Redefining \% on input line 1.
LaTeX Font Info:    External font `cmssex10' loaded for size
(Font)              <10.95> on input line 3.
LaTeX Font Info:    External font `cmssex10' loaded for size
(Font)              <8> on input line 3.
LaTeX Font Info:    External font `cmssex10' loaded for size
(Font)              <6> on input line 3.
)
\tf@toc=\write6
\openout6 = `main.toc'.

pdfTeX warning (ext4): destination with the same identifier (name{page.1}) has 
been already used, duplicate ignored
<to be read again> 
                   \relax 
l.262 \newpage
               [1] (./sections/ejercicio1.tex
<figs/ej1/not_rtl.png, id=191, 557.83406pt x 477.28313pt>
File: figs/ej1/not_rtl.png Graphic file (type png)
<use figs/ej1/not_rtl.png>
Package pdftex.def Info: figs/ej1/not_rtl.png  used on input line 13.
(pdftex.def)             Requested size: 251.023pt x 214.77542pt.
<figs/ej1/not_ttl.png, id=192, 468.24937pt x 391.4625pt>
File: figs/ej1/not_ttl.png Graphic file (type png)
<use figs/ej1/not_ttl.png>
Package pdftex.def Info: figs/ej1/not_ttl.png  used on input line 29.
(pdftex.def)             Requested size: 257.53793pt x 215.30502pt.
 [2 <./figs/ej1/not_rtl.png>]
Underfull \hbox (badness 10000) in paragraph at lines 40--42

 []

<figs/ej1/not_mos.png, id=201, 322.95656pt x 389.20406pt>
File: figs/ej1/not_mos.png Graphic file (type png)
<use figs/ej1/not_mos.png>
Package pdftex.def Info: figs/ej1/not_mos.png  used on input line 45.
(pdftex.def)             Requested size: 177.62665pt x 214.0629pt.

Underfull \hbox (badness 10000) in paragraph at lines 49--50

 []

[3 <./figs/ej1/not_ttl.png> <./figs/ej1/not_mos.png>]
Underfull \hbox (badness 10000) in paragraph at lines 55--57

 []

LaTeX Font Info:    Try loading font information for OMS+xcmss on input line 65
.
LaTeX Font Info:    No file OMSxcmss.fd. on input line 65.

LaTeX Font Warning: Font shape `OMS/xcmss/m/n' undefined
(Font)              using `OMS/cmsssy/m/n' instead
(Font)              for symbol `textbullet' on input line 65.

[4] [5]
<figs/ej1/ej1_PCB.png, id=226, 597.73312pt x 596.2275pt>
File: figs/ej1/ej1_PCB.png Graphic file (type png)
<use figs/ej1/ej1_PCB.png>
Package pdftex.def Info: figs/ej1/ej1_PCB.png  used on input line 129.
(pdftex.def)             Requested size: 328.75423pt x 327.92613pt.
)
Underfull \hbox (badness 10000) in paragraph at lines 133--264

 []

[6 <./figs/ej1/ej1_PCB.png>] (./sections/ejercicio2.tex
LaTeX Font Info:    External font `cmssex10' loaded for size
(Font)              <9> on input line 5.
LaTeX Font Info:    External font `cmssex10' loaded for size
(Font)              <5> on input line 5.
<figs/EJ2/LS_HC_0_1.png, id=237, 752.8125pt x 505.89pt>
File: figs/EJ2/LS_HC_0_1.png Graphic file (type png)
<use figs/EJ2/LS_HC_0_1.png>
Package pdftex.def Info: figs/EJ2/LS_HC_0_1.png  used on input line 27.
(pdftex.def)             Requested size: 187.43387pt x 125.95499pt.
<figs/EJ2/LS_HC_1_0.png, id=238, 751.30687pt x 506.6428pt>
File: figs/EJ2/LS_HC_1_0.png Graphic file (type png)
<use figs/EJ2/LS_HC_1_0.png>
Package pdftex.def Info: figs/EJ2/LS_HC_1_0.png  used on input line 34.
(pdftex.def)             Requested size: 187.43387pt x 126.38982pt.

Overfull \hbox (2.41779pt too wide) in paragraph at lines 24--38
[]$[]$ $[]$ 
 []

[7]
<figs/EJ2/LS_HCT_0_1.png, id=250, 752.0597pt x 508.90125pt>
File: figs/EJ2/LS_HCT_0_1.png Graphic file (type png)
<use figs/EJ2/LS_HCT_0_1.png>
Package pdftex.def Info: figs/EJ2/LS_HCT_0_1.png  used on input line 46.
(pdftex.def)             Requested size: 176.40776pt x 119.36661pt.
<figs/EJ2/LS_HCT_1_0.png, id=251, 754.31813pt x 504.38437pt>
File: figs/EJ2/LS_HCT_1_0.png Graphic file (type png)
<use figs/EJ2/LS_HCT_1_0.png>
Package pdftex.def Info: figs/EJ2/LS_HCT_1_0.png  used on input line 53.
(pdftex.def)             Requested size: 176.40776pt x 117.95311pt.

Overfull \hbox (2.41779pt too wide) in paragraph at lines 43--57
[]$[]$ $[]$ 
 []


Underfull \hbox (badness 10000) in paragraph at lines 61--62

 []

) [8 <./figs/EJ2/LS_HC_0_1.png> <./figs/EJ2/LS_HC_1_0.png> <./figs/EJ2/LS_HCT_0
_1.png> <./figs/EJ2/LS_HCT_1_0.png>] (./sections/ejercicio3.tex
<figs/Ej3/circuito1.jpg, id=262, 583.17876pt x 282.05376pt>
File: figs/Ej3/circuito1.jpg Graphic file (type jpg)
<use figs/Ej3/circuito1.jpg>
Package pdftex.def Info: figs/Ej3/circuito1.jpg  used on input line 56.
(pdftex.def)             Requested size: 352.81552pt x 170.64088pt.
 [9]
<figs/Ej3/glitch.jpg, id=271, 404.51125pt x 333.245pt>
File: figs/Ej3/glitch.jpg Graphic file (type jpg)
<use figs/Ej3/glitch.jpg>
Package pdftex.def Info: figs/Ej3/glitch.jpg  used on input line 69.
(pdftex.def)             Requested size: 264.61333pt x 217.99484pt.
 [10 <./figs/Ej3/circuito1.jpg> <./figs/Ej3/glitch.jpg>]
<figs/Ej3/circuito2.jpg, id=279, 673.51625pt x 443.6575pt>
File: figs/Ej3/circuito2.jpg Graphic file (type jpg)
<use figs/Ej3/circuito2.jpg>
Package pdftex.def Info: figs/Ej3/circuito2.jpg  used on input line 103.
(pdftex.def)             Requested size: 264.61333pt x 174.30519pt.
<figs/Ej3/Circuito_PCB.jpg, id=282, 2138.99126pt x 2083.785pt>
File: figs/Ej3/Circuito_PCB.jpg Graphic file (type jpg)
<use figs/Ej3/Circuito_PCB.jpg>
Package pdftex.def Info: figs/Ej3/Circuito_PCB.jpg  used on input line 135.
(pdftex.def)             Requested size: 264.61333pt x 257.76982pt.
 [11 <./figs/Ej3/circuito2.jpg>]
<figs/Ej3/x10_se_ve_glitchesito_ojo_limit_oscil.png, id=292, 1027.84pt x 825.08
25pt>
File: figs/Ej3/x10_se_ve_glitchesito_ojo_limit_oscil.png Graphic file (type png
)
<use figs/Ej3/x10_se_ve_glitchesito_ojo_limit_oscil.png>
Package pdftex.def Info: figs/Ej3/x10_se_ve_glitchesito_ojo_limit_oscil.png  us
ed on input line 147.
(pdftex.def)             Requested size: 264.61333pt x 212.41391pt.

[12 <./figs/Ej3/Circuito_PCB.jpg>]
<figs/Ej3/cmosvoltages.JPG, id=301, 181.8795pt x 192.11775pt>
File: figs/Ej3/cmosvoltages.JPG Graphic file (type jpg)
<use figs/Ej3/cmosvoltages.JPG>
Package pdftex.def Info: figs/Ej3/cmosvoltages.JPG  used on input line 159.
(pdftex.def)             Requested size: 176.40439pt x 186.3364pt.
) [13 <./figs/Ej3/x10_se_ve_glitchesito_ojo_limit_oscil.png (PNG copy)>] [14 <.
/figs/Ej3/cmosvoltages.JPG>]
(./sections/ejercicio4.tex
<figs/EJ4/esquematico.jpg, id=312, 453.94594pt x 395.22656pt>
File: figs/EJ4/esquematico.jpg Graphic file (type jpg)
<use figs/EJ4/esquematico.jpg>
Package pdftex.def Info: figs/EJ4/esquematico.jpg  used on input line 9.
(pdftex.def)             Requested size: 220.50887pt x 191.98618pt.

Underfull \hbox (badness 10000) in paragraph at lines 5--12

 []

<figs/EJ4/HC_Prop.png, id=314, 754.31813pt x 505.89pt>
File: figs/EJ4/HC_Prop.png Graphic file (type png)
<use figs/EJ4/HC_Prop.png>
Package pdftex.def Info: figs/EJ4/HC_Prop.png  used on input line 18.
(pdftex.def)             Requested size: 187.43387pt x 125.70026pt.
<figs/EJ4/HC_TR.png, id=315, 754.31813pt x 505.89pt>
File: figs/EJ4/HC_TR.png Graphic file (type png)
<use figs/EJ4/HC_TR.png>
Package pdftex.def Info: figs/EJ4/HC_TR.png  used on input line 25.
(pdftex.def)             Requested size: 187.43387pt x 125.70026pt.

Overfull \hbox (2.41779pt too wide) in paragraph at lines 15--29
[]$[]$ $[]$ 
 []

[15 <./figs/EJ4/esquematico.jpg> <./figs/EJ4/HC_Prop.png> <./figs/EJ4/HC_TR.png
>]
<figs/EJ4/HF_sin_C.png, id=326, 754.31813pt x 505.89pt>
File: figs/EJ4/HF_sin_C.png Graphic file (type png)
<use figs/EJ4/HF_sin_C.png>
Package pdftex.def Info: figs/EJ4/HF_sin_C.png  used on input line 53.
(pdftex.def)             Requested size: 187.43387pt x 125.70026pt.
<figs/EJ4/HF_con_C.png, id=327, 754.31813pt x 505.89pt>
File: figs/EJ4/HF_con_C.png Graphic file (type png)
<use figs/EJ4/HF_con_C.png>
Package pdftex.def Info: figs/EJ4/HF_con_C.png  used on input line 60.
(pdftex.def)             Requested size: 187.43387pt x 125.70026pt.

Overfull \hbox (2.41779pt too wide) in paragraph at lines 50--64
[]$[]$ $[]$ 
 []


Underfull \hbox (badness 10000) in paragraph at lines 47--66

 []

) [16 <./figs/EJ4/HF_sin_C.png> <./figs/EJ4/HF_con_C.png>] [17]
(./sections/ejercicio5.tex
<figs/ej5/compuertas_juntas.png, id=344, 243.91125pt x 176.45924pt>
File: figs/ej5/compuertas_juntas.png Graphic file (type png)
<use figs/ej5/compuertas_juntas.png>
Package pdftex.def Info: figs/ej5/compuertas_juntas.png  used on input line 8.
(pdftex.def)             Requested size: 146.34787pt x 105.87634pt.
<figs/ej5/comparador_rangos_completo.png, id=347, 445.665pt x 142.73325pt>
File: figs/ej5/comparador_rangos_completo.png Graphic file (type png)
<use figs/ej5/comparador_rangos_completo.png>
Package pdftex.def Info: figs/ej5/comparador_rangos_completo.png  used on input
 line 23.
(pdftex.def)             Requested size: 178.26283pt x 57.09227pt.
 [18 <./figs/ej5/compuertas_juntas.png> <./figs/ej5/comparador_rangos_completo.
png>]
<figs/ej5/res_inter.png, id=360, 295.70474pt x 148.75575pt>
File: figs/ej5/res_inter.png Graphic file (type png)
<use figs/ej5/res_inter.png>
Package pdftex.def Info: figs/ej5/res_inter.png  used on input line 53.
(pdftex.def)             Requested size: 147.852pt x 74.37769pt.
<figs/ej5/transistor_inter.png, id=364, 304.13625pt x 160.80075pt>
File: figs/ej5/transistor_inter.png Graphic file (type png)
<use figs/ej5/transistor_inter.png>
Package pdftex.def Info: figs/ej5/transistor_inter.png  used on input line 63.
(pdftex.def)             Requested size: 152.06775pt x 80.40016pt.
 [19 <./figs/ej5/res_inter.png>]
<figs/ej5/Levelshifter.png, id=375, 252.945pt x 192.72pt>
File: figs/ej5/Levelshifter.png Graphic file (type png)
<use figs/ej5/Levelshifter.png>
Package pdftex.def Info: figs/ej5/Levelshifter.png  used on input line 73.
(pdftex.def)             Requested size: 126.47218pt x 96.35976pt.

./sections/ejercicio5.tex:80: Missing $ inserted.
<inserted text> 
                $
l.80 ....com/documents/data-sheet/74HC_HCT32.pdf}}
                                                  . En las respectivas hojas...
I've inserted a begin-math/end-math symbol since I think
you left one out. Proceed, with fingers crossed.

./sections/ejercicio5.tex:80: Missing $ inserted.
<inserted text> 
                $
l.80 ....com/documents/data-sheet/74HC_HCT32.pdf}}
                                                  . En las respectivas hojas...
I've inserted something that you may have forgotten.
(See the <inserted text> above.)
With luck, this will get me unwedged. But if you
really didn't forget anything, try typing `2' now; then
my insertion and my current dilemma will both disappear.

<figs/ej5/and_cuadrada.png, id=382, 508.90125pt x 372.1905pt>
File: figs/ej5/and_cuadrada.png Graphic file (type png)
<use figs/ej5/and_cuadrada.png>
Package pdftex.def Info: figs/ej5/and_cuadrada.png  used on input line 87.
(pdftex.def)             Requested size: 209.4861pt x 153.21243pt.
<figs/ej5/or_cuadrada.png, id=383, 526.3665pt x 376.40625pt>
File: figs/ej5/or_cuadrada.png Graphic file (type png)
<use figs/ej5/or_cuadrada.png>
Package pdftex.def Info: figs/ej5/or_cuadrada.png  used on input line 88.
(pdftex.def)             Requested size: 209.4861pt x 149.80168pt.

Package caption Warning: \captionsetup{subtype*=...} or \subcaptionof
(caption)                outside box or environment on input line 91.
See the caption package documentation for explanation.


Package caption Warning: \subcaption
(caption)                outside box or environment on input line 91.
See the caption package documentation for explanation.


Package caption Warning: \subcaption
(caption)                outside box or environment on input line 92.
See the caption package documentation for explanation.

[20 <./figs/ej5/transistor_inter.png> <./figs/ej5/Levelshifter.png>]
<figs/ej5/andorsinres.png, id=398, 529.98pt x 357.13425pt>
File: figs/ej5/andorsinres.png Graphic file (type png)
<use figs/ej5/andorsinres.png>
Package pdftex.def Info: figs/ej5/andorsinres.png  used on input line 100.
(pdftex.def)             Requested size: 209.4861pt x 141.1673pt.
<figs/ej5/pull_down.png, id=399, 517.935pt x 359.54324pt>
File: figs/ej5/pull_down.png Graphic file (type png)
<use figs/ej5/pull_down.png>
Package pdftex.def Info: figs/ej5/pull_down.png  used on input line 101.
(pdftex.def)             Requested size: 209.4861pt x 145.4222pt.


Package caption Warning: \captionsetup{subtype*=...} or \subcaptionof
(caption)                outside box or environment on input line 104.
See the caption package documentation for explanation.


Package caption Warning: \subcaption
(caption)                outside box or environment on input line 104.
See the caption package documentation for explanation.


Package caption Warning: \subcaption
(caption)                outside box or environment on input line 105.
See the caption package documentation for explanation.

<figs/ej5/levelshifter10k1k.png, id=402, 1027.84pt x 825.0825pt>
File: figs/ej5/levelshifter10k1k.png Graphic file (type png)
<use figs/ej5/levelshifter10k1k.png>
Package pdftex.def Info: figs/ej5/levelshifter10k1k.png  used on input line 114
.
(pdftex.def)             Requested size: 264.61333pt x 212.41391pt.
[21 <./figs/ej5/and_cuadrada.png> <./figs/ej5/or_cuadrada.png> <./figs/ej5/ando
rsinres.png> <./figs/ej5/pull_down.png>]) [22 <./figs/ej5/levelshifter10k1k.png
 (PNG copy)>] (./sections/ejercicio6.tex
<figs/Ej6/latchsr.jpg, id=419, 322.20375pt x 201.75375pt>
File: figs/Ej6/latchsr.jpg Graphic file (type jpg)
<use figs/Ej6/latchsr.jpg>
Package pdftex.def Info: figs/Ej6/latchsr.jpg  used on input line 22.
(pdftex.def)             Requested size: 220.50887pt x 138.08041pt.
LaTeX Font Info:    External font `cmssex10' loaded for size
(Font)              <10> on input line 28.
LaTeX Font Info:    External font `cmssex10' loaded for size
(Font)              <7> on input line 28.
 [23 <./figs/Ej6/latchsr.jpg>]
<figs/Ej6/sr_trise.png, id=431, 1027.84pt x 825.0825pt>
File: figs/Ej6/sr_trise.png Graphic file (type png)
<use figs/Ej6/sr_trise.png>
Package pdftex.def Info: figs/Ej6/sr_trise.png  used on input line 52.
(pdftex.def)             Requested size: 264.61333pt x 212.41391pt.
<figs/Ej6/sr_tplhx10.png, id=432, 1027.84pt x 825.0825pt>
File: figs/Ej6/sr_tplhx10.png Graphic file (type png)
<use figs/Ej6/sr_tplhx10.png>
Package pdftex.def Info: figs/Ej6/sr_tplhx10.png  used on input line 61.
(pdftex.def)             Requested size: 264.61333pt x 212.41391pt.
 [24 <./figs/Ej6/sr_trise.png (PNG copy)> <./figs/Ej6/sr_tplhx10.png (PNG copy)
>]
<figs/Ej6/flipflop.jpg, id=444, 663.47874pt x 224.84pt>
File: figs/Ej6/flipflop.jpg Graphic file (type jpg)
<use figs/Ej6/flipflop.jpg>
Package pdftex.def Info: figs/Ej6/flipflop.jpg  used on input line 102.
(pdftex.def)             Requested size: 352.81552pt x 119.56259pt.
<figs/Ej6/Edgedetetor.jpg, id=445, 786.94pt x 151.56625pt>
File: figs/Ej6/Edgedetetor.jpg Graphic file (type jpg)
<use figs/Ej6/Edgedetetor.jpg>
Package pdftex.def Info: figs/Ej6/Edgedetetor.jpg  used on input line 110.
(pdftex.def)             Requested size: 352.81552pt x 67.95209pt.

[25]

LaTeX Warning: Reference `ej6_tabla_flip_flop_mediciones' on page 26 undefined 
on input line 142.

[26 <./figs/Ej6/flipflop.jpg> <./figs/Ej6/Edgedetetor.jpg>]) [27]
(./sections/ejercicio7.tex
<figs/ej7/ej7_asinc_circ.PNG, id=471, 479.54156pt x 157.33781pt>
File: figs/ej7/ej7_asinc_circ.PNG Graphic file (type png)
<use figs/ej7/ej7_asinc_circ.PNG>
Package pdftex.def Info: figs/ej7/ej7_asinc_circ.PNG  used on input line 21.
(pdftex.def)             Requested size: 479.54039pt x 157.33742pt.

Underfull \hbox (badness 10000) in paragraph at lines 13--24

 []

[28 <./figs/ej7/ej7_asinc_circ.PNG>]
<figs/ej7/ej7_ffd_fft.PNG, id=482, 335.00156pt x 171.64125pt>
File: figs/ej7/ej7_ffd_fft.PNG Graphic file (type png)
<use figs/ej7/ej7_ffd_fft.PNG>
Package pdftex.def Info: figs/ej7/ej7_ffd_fft.PNG  used on input line 56.
(pdftex.def)             Requested size: 335.00073pt x 171.64081pt.
<figs/ej7/ej7_ffd_asinc.PNG, id=484, 467.49657pt x 94.85437pt>
File: figs/ej7/ej7_ffd_asinc.PNG Graphic file (type png)
<use figs/ej7/ej7_ffd_asinc.PNG>
Package pdftex.def Info: figs/ej7/ej7_ffd_asinc.PNG  used on input line 69.
(pdftex.def)             Requested size: 467.49542pt x 94.85413pt.
<figs/ej7/ej7_sinc_circ.PNG, id=486, 578.91281pt x 124.21407pt>
File: figs/ej7/ej7_sinc_circ.PNG Graphic file (type png)
<use figs/ej7/ej7_sinc_circ.PNG>
Package pdftex.def Info: figs/ej7/ej7_sinc_circ.PNG  used on input line 82.
(pdftex.def)             Requested size: 578.91139pt x 124.21375pt.
<figs/ej7/ej7_sinc_circ_final.PNG, id=489, 639.13782pt x 143.78719pt>
File: figs/ej7/ej7_sinc_circ_final.PNG Graphic file (type png)
<use figs/ej7/ej7_sinc_circ_final.PNG>
Package pdftex.def Info: figs/ej7/ej7_sinc_circ_final.PNG  used on input line 9
4.
(pdftex.def)             Requested size: 639.13626pt x 143.78683pt.
 [29 <./figs/ej7/ej7_ffd_fft.PNG> <./figs/ej7/ej7_ffd_asinc.PNG> <./figs/ej7/ej
7_sinc_circ.PNG>]
<figs/ej7/ej7_sim_proteus.PNG, id=504, 630.10406pt x 441.90094pt>
File: figs/ej7/ej7_sim_proteus.PNG Graphic file (type png)
<use figs/ej7/ej7_sim_proteus.PNG>
Package pdftex.def Info: figs/ej7/ej7_sim_proteus.PNG  used on input line 107.
(pdftex.def)             Requested size: 630.10252pt x 441.89986pt.
<figs/ej7/circ_andando.jpeg, id=506, 1634.105pt x 3974.85pt>
File: figs/ej7/circ_andando.jpeg Graphic file (type jpg)
<use figs/ej7/circ_andando.jpeg>
Package pdftex.def Info: figs/ej7/circ_andando.jpeg  used on input line 119.
(pdftex.def)             Requested size: 1634.10103pt x 3974.84036pt.
 [30 <./figs/ej7/ej7_sinc_circ_final.PNG> <./figs/ej7/ej7_sim_proteus.PNG>]
<figs/ej7/cont_asinc_0vs2.png, id=518, 761.09344pt x 499.11469pt>
File: figs/ej7/cont_asinc_0vs2.png Graphic file (type png)
<use figs/ej7/cont_asinc_0vs2.png>
Package pdftex.def Info: figs/ej7/cont_asinc_0vs2.png  used on input line 138.
(pdftex.def)             Requested size: 761.0916pt x 499.11345pt.
 [31 <./figs/ej7/circ_andando.jpeg> <./figs/ej7/cont_asinc_0vs2.png>]
<figs/ej7/cont_asinc_tprop.png, id=527, 757.32938pt x 527.72156pt>
File: figs/ej7/cont_asinc_tprop.png Graphic file (type png)
<use figs/ej7/cont_asinc_tprop.png>
Package pdftex.def Info: figs/ej7/cont_asinc_tprop.png  used on input line 170.

(pdftex.def)             Requested size: 757.32753pt x 527.72028pt.
 [32 <./figs/ej7/cont_asinc_tprop.png>]
<figs/ej7/cont_sinc_allbits2.png, id=537, 888.31876pt x 421.575pt>
File: figs/ej7/cont_sinc_allbits2.png Graphic file (type png)
<use figs/ej7/cont_sinc_allbits2.png>
Package pdftex.def Info: figs/ej7/cont_sinc_allbits2.png  used on input line 19
3.
(pdftex.def)             Requested size: 888.31659pt x 421.57396pt.
<figs/ej7/cont_sinc_q0_tprop.png, id=540, 766.36313pt x 527.72156pt>
File: figs/ej7/cont_sinc_q0_tprop.png Graphic file (type png)
<use figs/ej7/cont_sinc_q0_tprop.png>
Package pdftex.def Info: figs/ej7/cont_sinc_q0_tprop.png  used on input line 20
5.
(pdftex.def)             Requested size: 766.36127pt x 527.72028pt.

[33 <./figs/ej7/cont_sinc_allbits2.png> <./figs/ej7/cont_sinc_q0_tprop.png>])
[34] (./sections/conclusion.tex)
Package atveryend Info: Empty hook `BeforeClearDocument' on input line 278.
Package atveryend Info: Empty hook `AfterLastShipout' on input line 278.
 (./main.aux
LaTeX Info: Redefining \. on input line 23.
LaTeX Info: Redefining \% on input line 23.
)
Package atveryend Info: Executing hook `AtVeryEndDocument' on input line 278.
Package atveryend Info: Executing hook `AtEndAfterFileList' on input line 278.
Package rerunfilecheck Info: File `main.out' has not changed.
(rerunfilecheck)             Checksum: 16CBB989BEA301AB579828D8A7556054;2073.


LaTeX Font Warning: Some font shapes were not available, defaults substituted.


LaTeX Warning: There were undefined references.


LaTeX Warning: There were multiply-defined labels.

Package atveryend Info: Empty hook `AtVeryVeryEnd' on input line 278.
 ) 
Here is how much of TeX's memory you used:
 28948 strings out of 494788
 609045 string characters out of 6177223
 769719 words of memory out of 5000000
 31554 multiletter control sequences out of 15000+600000
 37169 words of font info for 104 fonts, out of 8000000 for 9000
 85 hyphenation exceptions out of 8191
 62i,14n,94p,1014b,900s stack positions out of 5000i,500n,10000p,200000b,80000s
 </home/nico/.texlive2017/texmf-var/fonts/pk/ljfour/jknappen/ec/ecsi1000.600p
k> </home/nico/.texlive2017/texmf-var/fonts/pk/ljfour/jknappen/ec/ecss0900.600p
k> </home/nico/.texlive2017/texmf-var/fonts/pk/ljfour/jknappen/ec/ecss0600.600p
k> </home/nico/.texlive2017/texmf-var/fonts/pk/ljfour/jknappen/ec/ecss0800.600p
k> </home/nico/.texlive2017/texmf-var/fonts/pk/ljfour/jknappen/ec/ecso1095.600p
k> </home/nico/.texlive2017/texmf-var/fonts/pk/ljfour/jknappen/ec/ecsi1095.600p
k> </home/nico/.texlive2017/texmf-var/fonts/pk/ljfour/jknappen/ec/ecss1000.600p
k> </home/nico/.texlive2017/texmf-var/fonts/pk/ljfour/jknappen/ec/ecsx1200.600p
k> </home/nico/.texlive2017/texmf-var/fonts/pk/ljfour/jknappen/ec/ecss1095.600p
k> </home/nico/.texlive2017/texmf-var/fonts/pk/ljfour/jknappen/ec/ecsx1440.600p
k> </home/nico/.texlive2017/texmf-var/fonts/pk/ljfour/jknappen/ec/ecsx2074.600p
k> </home/nico/.texlive2017/texmf-var/fonts/pk/ljfour/jknappen/ec/ecsx2488.600p
k> </home/nico/.texlive2017/texmf-var/fonts/pk/ljfour/jknappen/ec/ecsx1095.600p
k></usr/share/texlive/texmf-dist/fonts/type1/public/amsfonts/cm/cmss10.pfb></us
r/share/texlive/texmf-dist/fonts/type1/public/amsfonts/cm/cmss8.pfb></usr/share
/texlive/texmf-dist/fonts/type1/public/amsfonts/cm/cmss9.pfb></usr/share/texliv
e/texmf-dist/fonts/type1/public/sansmathfonts/cmssmi10.pfb></usr/share/texlive/
texmf-dist/fonts/type1/public/sansmathfonts/cmssmi6.pfb></usr/share/texlive/tex
mf-dist/fonts/type1/public/sansmathfonts/cmssmi8.pfb></usr/share/texlive/texmf-
dist/fonts/type1/public/sansmathfonts/cmssmi9.pfb></usr/share/texlive/texmf-dis
t/fonts/type1/public/sansmathfonts/cmsssy10.pfb></usr/share/texlive/texmf-dist/
fonts/type1/public/sansmathfonts/cmsssy7.pfb></usr/share/texlive/texmf-dist/fon
ts/type1/public/sansmathfonts/cmsssy8.pfb></usr/share/texlive/texmf-dist/fonts/
type1/public/sansmathfonts/eczz1000.pfb></usr/share/texlive/texmf-dist/fonts/ty
pe1/public/sansmathfonts/eczz1095.pfb>
Output written on main.pdf (35 pages, 2845289 bytes).
PDF statistics:
 1054 PDF objects out of 1200 (max. 8388607)
 550 compressed objects within 6 object streams
 144 named destinations out of 1000 (max. 500000)
 513 words of extra memory for PDF output out of 10000 (max. 10000000)

