Added Component: Designator=C1(0805)
Add component. Clean all parameters for all variants
Added Component: Designator=C2(CAP200)
Add component. Clean all parameters for all variants
Added Component: Designator=DS1(A)
Add component. Clean all parameters for all variants
Add component (AddParameter): Name = "Colour"; Value = "High Efficiency Red (HER)"; VariantName = "[No Variations]"
Add component (AddParameter): Name = "ComponentLink1Description"; Value = "Manufacturer Link"; VariantName = "[No Variations]"
Add component (AddParameter): Name = "ComponentLink1URL"; Value = "http://www.agilent.com/"; VariantName = "[No Variations]"
Add component (AddParameter): Name = "DatasheetVersion"; Value = "19-Feb-2002"; VariantName = "[No Variations]"
Add component (AddParameter): Name = "LatestRevisionDate"; Value = "17-Dec-2003"; VariantName = "[No Variations]"
Add component (AddParameter): Name = "LatestRevisionNote"; Value = "Schematic revised, PCB Footprint replaced."; VariantName = "[No Variations]"
Add component (AddParameter): Name = "MinimumIntensity"; Value = "360 ucd"; VariantName = "[No Variations]"
Add component (AddParameter): Name = "Note"; Value = "IF = 5 mA"; VariantName = "[No Variations]"
Add component (AddParameter): Name = "PackageDescription"; Value = "LED, 7-Segment Display, 7.62 mm, RHD; 10 Leads; Row Space 5.08 mm; Pitch 2.54 mm"; VariantName = "[No Variations]"
Add component (AddParameter): Name = "PackageReference"; Value = "A"; VariantName = "[No Variations]"
Add component (AddParameter): Name = "PackageVersion"; Value = "11-Feb-2002"; VariantName = "[No Variations]"
Add component (AddParameter): Name = "Published"; Value = "8-Jun-2000"; VariantName = "[No Variations]"
Add component (AddParameter): Name = "Publisher"; Value = "Altium Limited"; VariantName = "[No Variations]"
Added Component: Designator=DS2(A)
Add component. Clean all parameters for all variants
Add component (AddParameter): Name = "Colour"; Value = "High Efficiency Red (HER)"; VariantName = "[No Variations]"
Add component (AddParameter): Name = "ComponentLink1Description"; Value = "Manufacturer Link"; VariantName = "[No Variations]"
Add component (AddParameter): Name = "ComponentLink1URL"; Value = "http://www.agilent.com/"; VariantName = "[No Variations]"
Add component (AddParameter): Name = "DatasheetVersion"; Value = "19-Feb-2002"; VariantName = "[No Variations]"
Add component (AddParameter): Name = "LatestRevisionDate"; Value = "17-Dec-2003"; VariantName = "[No Variations]"
Add component (AddParameter): Name = "LatestRevisionNote"; Value = "Schematic revised, PCB Footprint replaced."; VariantName = "[No Variations]"
Add component (AddParameter): Name = "MinimumIntensity"; Value = "360 ucd"; VariantName = "[No Variations]"
Add component (AddParameter): Name = "Note"; Value = "IF = 5 mA"; VariantName = "[No Variations]"
Add component (AddParameter): Name = "PackageDescription"; Value = "LED, 7-Segment Display, 7.62 mm, RHD; 10 Leads; Row Space 5.08 mm; Pitch 2.54 mm"; VariantName = "[No Variations]"
Add component (AddParameter): Name = "PackageReference"; Value = "A"; VariantName = "[No Variations]"
Add component (AddParameter): Name = "PackageVersion"; Value = "11-Feb-2002"; VariantName = "[No Variations]"
Add component (AddParameter): Name = "Published"; Value = "8-Jun-2000"; VariantName = "[No Variations]"
Add component (AddParameter): Name = "Publisher"; Value = "Altium Limited"; VariantName = "[No Variations]"
Added Component: Designator=P1(HDR2X5)
Add component. Clean all parameters for all variants
Add component (AddParameter): Name = "LatestRevisionDate"; Value = "17-Jul-2002"; VariantName = "[No Variations]"
Add component (AddParameter): Name = "LatestRevisionNote"; Value = "Re-released for DXP Platform."; VariantName = "[No Variations]"
Add component (AddParameter): Name = "Publisher"; Value = "Altium Limited"; VariantName = "[No Variations]"
Added Component: Designator=R1(0805)
Add component. Clean all parameters for all variants
Added Component: Designator=R2(0805)
Add component. Clean all parameters for all variants
Added Component: Designator=R3(0805)
Add component. Clean all parameters for all variants
Added Component: Designator=R4(0805)
Add component. Clean all parameters for all variants
Added Component: Designator=R5(0805)
Add component. Clean all parameters for all variants
Added Component: Designator=R6(0805)
Add component. Clean all parameters for all variants
Added Component: Designator=R7(0805)
Add component. Clean all parameters for all variants
Added Component: Designator=R8(0805)
Add component. Clean all parameters for all variants
Added Component: Designator=R9(0805)
Add component. Clean all parameters for all variants
Added Component: Designator=R10(0805)
Add component. Clean all parameters for all variants
Added Component: Designator=R11(0805)
Add component. Clean all parameters for all variants
Added Component: Designator=R12(0805)
Add component. Clean all parameters for all variants
Added Component: Designator=R13(0805)
Add component. Clean all parameters for all variants
Added Component: Designator=R14(0805)
Add component. Clean all parameters for all variants
Added Component: Designator=R15(0805)
Add component. Clean all parameters for all variants
Added Component: Designator=R16(RES400)
Add component. Clean all parameters for all variants
Added Component: Designator=R17(POTENCIOMETRO)
Add component. Clean all parameters for all variants
Added Component: Designator=R18(RES400)
Add component. Clean all parameters for all variants
Added Component: Designator=R19(RES400)
Add component. Clean all parameters for all variants
Added Component: Designator=TP1(TPTH)
Add component. Clean all parameters for all variants
Added Component: Designator=U1(*DIP254P1080X508-24)
Add component. Clean all parameters for all variants
Add component (AddParameter): Name = "Availability"; Value = "Unavailable"; VariantName = "[No Variations]"
Add component (AddParameter): Name = "MF"; Value = "Texas Instruments"; VariantName = "[No Variations]"
Add component (AddParameter): Name = "MP"; Value = "CD4508BE"; VariantName = "[No Variations]"
Add component (AddParameter): Name = "Package"; Value = "DIP-24 Texas Instruments"; VariantName = "[No Variations]"
Add component (AddParameter): Name = "Price"; Value = "None"; VariantName = "[No Variations]"
Add component (AddParameter): Name = "SnapEDA_Link"; Value = "https://www.snapeda.com/parts/CD4508BE/Texas%20Instruments/view-part/?ref=snap"; VariantName = "[No Variations]"
Add component (AddParameter): Name = "Value"; Value = ""; VariantName = "[No Variations]"
Added Component: Designator=U2(DIP16)
Add component. Clean all parameters for all variants
Added Component: Designator=U3(DIP16)
Add component. Clean all parameters for all variants
Added Component: Designator=U4(DIP8)
Add component. Clean all parameters for all variants
Added Pin To Net: NetName=bit0 Pin=P1-1
Added Pin To Net: NetName=bit0 Pin=U1-4
Added Net: Name=bit0
Added Pin To Net: NetName=bit1 Pin=P1-3
Added Pin To Net: NetName=bit1 Pin=U1-6
Added Net: Name=bit1
Added Pin To Net: NetName=bit2 Pin=P1-5
Added Pin To Net: NetName=bit2 Pin=U1-8
Added Net: Name=bit2
Added Pin To Net: NetName=bit3 Pin=P1-7
Added Pin To Net: NetName=bit3 Pin=U1-10
Added Net: Name=bit3
Added Pin To Net: NetName=bit4 Pin=P1-9
Added Pin To Net: NetName=bit4 Pin=U1-16
Added Net: Name=bit4
Added Pin To Net: NetName=bit5 Pin=P1-2
Added Pin To Net: NetName=bit5 Pin=U1-18
Added Net: Name=bit5
Added Pin To Net: NetName=bit6 Pin=P1-4
Added Pin To Net: NetName=bit6 Pin=U1-20
Added Net: Name=bit6
Added Pin To Net: NetName=bit7 Pin=P1-6
Added Pin To Net: NetName=bit7 Pin=U1-22
Added Net: Name=bit7
Added Pin To Net: NetName=clock3 Pin=R15-1
Added Pin To Net: NetName=clock3 Pin=TP1-1
Added Pin To Net: NetName=clock3 Pin=U1-2
Added Pin To Net: NetName=clock3 Pin=U1-14
Added Pin To Net: NetName=clock3 Pin=U2-5
Added Pin To Net: NetName=clock3 Pin=U3-5
Added Pin To Net: NetName=clock3 Pin=U4-3
Added Net: Name=clock3
Added Pin To Net: NetName=GND Pin=C1-2
Added Pin To Net: NetName=GND Pin=C2-1
Added Pin To Net: NetName=GND Pin=DS1-1
Added Pin To Net: NetName=GND Pin=DS1-6
Added Pin To Net: NetName=GND Pin=DS1-7
Added Pin To Net: NetName=GND Pin=DS2-1
Added Pin To Net: NetName=GND Pin=DS2-6
Added Pin To Net: NetName=GND Pin=P1-10
Added Pin To Net: NetName=GND Pin=U1-12
Added Pin To Net: NetName=GND Pin=U2-8
Added Pin To Net: NetName=GND Pin=U4-1
Added Net: Name=GND
Added Pin To Net: NetName=NetC1_1 Pin=C1-1
Added Pin To Net: NetName=NetC1_1 Pin=R16-2
Added Pin To Net: NetName=NetC1_1 Pin=U4-2
Added Pin To Net: NetName=NetC1_1 Pin=U4-6
Added Net: Name=NetC1_1
Added Pin To Net: NetName=NetC2_2 Pin=C2-2
Added Pin To Net: NetName=NetC2_2 Pin=U4-5
Added Net: Name=NetC2_2
Added Pin To Net: NetName=NetDS1_2 Pin=DS1-2
Added Pin To Net: NetName=NetDS1_2 Pin=R6-2
Added Net: Name=NetDS1_2
Added Pin To Net: NetName=NetDS1_3 Pin=DS1-3
Added Pin To Net: NetName=NetDS1_3 Pin=R7-2
Added Net: Name=NetDS1_3
Added Pin To Net: NetName=NetDS1_4 Pin=DS1-4
Added Pin To Net: NetName=NetDS1_4 Pin=R5-2
Added Net: Name=NetDS1_4
Added Pin To Net: NetName=NetDS1_5 Pin=DS1-5
Added Pin To Net: NetName=NetDS1_5 Pin=R4-2
Added Net: Name=NetDS1_5
Added Pin To Net: NetName=NetDS1_8 Pin=DS1-8
Added Pin To Net: NetName=NetDS1_8 Pin=R3-2
Added Net: Name=NetDS1_8
Added Pin To Net: NetName=NetDS1_9 Pin=DS1-9
Added Pin To Net: NetName=NetDS1_9 Pin=R2-2
Added Net: Name=NetDS1_9
Added Pin To Net: NetName=NetDS1_10 Pin=DS1-10
Added Pin To Net: NetName=NetDS1_10 Pin=R1-2
Added Net: Name=NetDS1_10
Added Pin To Net: NetName=NetDS2_2 Pin=DS2-2
Added Pin To Net: NetName=NetDS2_2 Pin=R13-2
Added Net: Name=NetDS2_2
Added Pin To Net: NetName=NetDS2_3 Pin=DS2-3
Added Pin To Net: NetName=NetDS2_3 Pin=R14-2
Added Net: Name=NetDS2_3
Added Pin To Net: NetName=NetDS2_4 Pin=DS2-4
Added Pin To Net: NetName=NetDS2_4 Pin=R12-2
Added Net: Name=NetDS2_4
Added Pin To Net: NetName=NetDS2_5 Pin=DS2-5
Added Pin To Net: NetName=NetDS2_5 Pin=R11-2
Added Net: Name=NetDS2_5
Added Pin To Net: NetName=NetDS2_7 Pin=DS2-7
Added Pin To Net: NetName=NetDS2_7 Pin=R15-2
Added Net: Name=NetDS2_7
Added Pin To Net: NetName=NetDS2_8 Pin=DS2-8
Added Pin To Net: NetName=NetDS2_8 Pin=R10-2
Added Net: Name=NetDS2_8
Added Pin To Net: NetName=NetDS2_9 Pin=DS2-9
Added Pin To Net: NetName=NetDS2_9 Pin=R9-2
Added Net: Name=NetDS2_9
Added Pin To Net: NetName=NetDS2_10 Pin=DS2-10
Added Pin To Net: NetName=NetDS2_10 Pin=R8-2
Added Net: Name=NetDS2_10
Added Pin To Net: NetName=NetR1_1 Pin=R1-1
Added Pin To Net: NetName=NetR1_1 Pin=U2-13
Added Net: Name=NetR1_1
Added Pin To Net: NetName=NetR2_1 Pin=R2-1
Added Pin To Net: NetName=NetR2_1 Pin=U2-12
Added Net: Name=NetR2_1
Added Pin To Net: NetName=NetR3_1 Pin=R3-1
Added Pin To Net: NetName=NetR3_1 Pin=U2-11
Added Net: Name=NetR3_1
Added Pin To Net: NetName=NetR4_1 Pin=R4-1
Added Pin To Net: NetName=NetR4_1 Pin=U2-10
Added Net: Name=NetR4_1
Added Pin To Net: NetName=NetR5_1 Pin=R5-1
Added Pin To Net: NetName=NetR5_1 Pin=U2-9
Added Net: Name=NetR5_1
Added Pin To Net: NetName=NetR6_1 Pin=R6-1
Added Pin To Net: NetName=NetR6_1 Pin=U2-15
Added Net: Name=NetR6_1
Added Pin To Net: NetName=NetR7_1 Pin=R7-1
Added Pin To Net: NetName=NetR7_1 Pin=U2-14
Added Net: Name=NetR7_1
Added Pin To Net: NetName=NetR8_1 Pin=R8-1
Added Pin To Net: NetName=NetR8_1 Pin=U3-13
Added Net: Name=NetR8_1
Added Pin To Net: NetName=NetR9_1 Pin=R9-1
Added Pin To Net: NetName=NetR9_1 Pin=U3-12
Added Net: Name=NetR9_1
Added Pin To Net: NetName=NetR10_1 Pin=R10-1
Added Pin To Net: NetName=NetR10_1 Pin=U3-11
Added Net: Name=NetR10_1
Added Pin To Net: NetName=NetR11_1 Pin=R11-1
Added Pin To Net: NetName=NetR11_1 Pin=U3-10
Added Net: Name=NetR11_1
Added Pin To Net: NetName=NetR12_1 Pin=R12-1
Added Pin To Net: NetName=NetR12_1 Pin=U3-9
Added Net: Name=NetR12_1
Added Pin To Net: NetName=NetR13_1 Pin=R13-1
Added Pin To Net: NetName=NetR13_1 Pin=U3-15
Added Net: Name=NetR13_1
Added Pin To Net: NetName=NetR14_1 Pin=R14-1
Added Pin To Net: NetName=NetR14_1 Pin=U3-14
Added Net: Name=NetR14_1
Added Pin To Net: NetName=NetR16_1 Pin=R16-1
Added Pin To Net: NetName=NetR16_1 Pin=R18-2
Added Pin To Net: NetName=NetR16_1 Pin=U4-7
Added Net: Name=NetR16_1
Added Pin To Net: NetName=NetR17_2 Pin=R17-2
Added Pin To Net: NetName=NetR17_2 Pin=R17-3
Added Pin To Net: NetName=NetR17_2 Pin=R18-1
Added Pin To Net: NetName=NetR17_2 Pin=R19-2
Added Net: Name=NetR17_2
Added Pin To Net: NetName=NetU1_5 Pin=U1-5
Added Pin To Net: NetName=NetU1_5 Pin=U2-7
Added Net: Name=NetU1_5
Added Pin To Net: NetName=NetU1_7 Pin=U1-7
Added Pin To Net: NetName=NetU1_7 Pin=U2-1
Added Net: Name=NetU1_7
Added Pin To Net: NetName=NetU1_9 Pin=U1-9
Added Pin To Net: NetName=NetU1_9 Pin=U2-2
Added Net: Name=NetU1_9
Added Pin To Net: NetName=NetU1_11 Pin=U1-11
Added Pin To Net: NetName=NetU1_11 Pin=U2-6
Added Net: Name=NetU1_11
Added Pin To Net: NetName=NetU1_17 Pin=U1-17
Added Pin To Net: NetName=NetU1_17 Pin=U3-7
Added Net: Name=NetU1_17
Added Pin To Net: NetName=NetU1_19 Pin=U1-19
Added Pin To Net: NetName=NetU1_19 Pin=U3-1
Added Net: Name=NetU1_19
Added Pin To Net: NetName=NetU1_21 Pin=U1-21
Added Pin To Net: NetName=NetU1_21 Pin=U3-2
Added Net: Name=NetU1_21
Added Pin To Net: NetName=NetU1_23 Pin=U1-23
Added Pin To Net: NetName=NetU1_23 Pin=U3-6
Added Net: Name=NetU1_23
Added Pin To Net: NetName=Vcc Pin=P1-8
Added Pin To Net: NetName=Vcc Pin=R17-1
Added Pin To Net: NetName=Vcc Pin=R19-1
Added Pin To Net: NetName=Vcc Pin=U1-1
Added Pin To Net: NetName=Vcc Pin=U1-3
Added Pin To Net: NetName=Vcc Pin=U1-13
Added Pin To Net: NetName=Vcc Pin=U1-15
Added Pin To Net: NetName=Vcc Pin=U1-24
Added Pin To Net: NetName=Vcc Pin=U2-3
Added Pin To Net: NetName=Vcc Pin=U2-4
Added Pin To Net: NetName=Vcc Pin=U2-16
Added Pin To Net: NetName=Vcc Pin=U3-3
Added Pin To Net: NetName=Vcc Pin=U3-4
Added Pin To Net: NetName=Vcc Pin=U3-16
Added Pin To Net: NetName=Vcc Pin=U4-4
Added Pin To Net: NetName=Vcc Pin=U4-8
Added Net: Name=Vcc
Added Class: Name=display
Added Room: Name=display
