Removed Pin From Net: NetName=bit0 Pin=P1-1
Removed Pin From Net: NetName=bit2 Pin=P1-2
Removed Pin From Net: NetName=bit1 Pin=P1-3
Removed Pin From Net: NetName=bit3 Pin=P1-4
Removed Pin From Net: NetName=bit4 Pin=P1-5
Removed Pin From Net: NetName=bit6 Pin=P1-6
Removed Pin From Net: NetName=bit5 Pin=P1-7
Removed Pin From Net: NetName=bit7 Pin=P1-8
Removed Pin From Net: NetName=Vcc Pin=P1-9
Removed Pin From Net: NetName=GND Pin=P1-10
Added Component: Designator=P1(HDR1X10)
Add component. Clean all parameters for all variants
Add component (AddParameter): Name = "LatestRevisionDate"; Value = "17-Jul-2002"; VariantName = "[No Variations]"
Add component (AddParameter): Name = "LatestRevisionNote"; Value = "Re-released for DXP Platform."; VariantName = "[No Variations]"
Add component (AddParameter): Name = "Publisher"; Value = "Altium Limited"; VariantName = "[No Variations]"
Added Pin To Net: NetName=GND Pin=P1-1
Added Pin To Net: NetName=bit0 Pin=P1-2
Added Pin To Net: NetName=bit1 Pin=P1-3
Added Pin To Net: NetName=bit2 Pin=P1-4
Added Pin To Net: NetName=bit3 Pin=P1-5
Added Pin To Net: NetName=bit4 Pin=P1-6
Added Pin To Net: NetName=bit5 Pin=P1-7
Added Pin To Net: NetName=bit6 Pin=P1-8
Added Pin To Net: NetName=bit7 Pin=P1-9
Added Pin To Net: NetName=Vcc Pin=P1-10
Added Room: Name=display
