Added Component: Designator=74_(N014D)
Added Component: Designator=74(N014D)
Added Component: Designator=86(N014)
Added Component: Designator=CLK(BORNERA2)
Added Component: Designator=IDCOut(HDR2X5)
Added Component: Designator=Q(HDR1X4)
Added Component: Designator=Supply(BORNERA2)
Added Pin To Net: NetName=CLK Pin=74-3
Added Pin To Net: NetName=CLK Pin=CLK-2
Added Pin To Net: NetName=CLK Pin=IDCOut-3
Added Net: Name=CLK
Added Pin To Net: NetName=GND Pin=74-7
Added Pin To Net: NetName=GND Pin=74_-7
Added Pin To Net: NetName=GND Pin=74_-11
Added Pin To Net: NetName=GND Pin=74_-12
Added Pin To Net: NetName=GND Pin=74_-13
Added Pin To Net: NetName=GND Pin=86-7
Added Pin To Net: NetName=GND Pin=86-12
Added Pin To Net: NetName=GND Pin=86-13
Added Pin To Net: NetName=GND Pin=CLK-1
Added Pin To Net: NetName=GND Pin=IDCOut-5
Added Pin To Net: NetName=GND Pin=IDCOut-7
Added Pin To Net: NetName=GND Pin=IDCOut-8
Added Pin To Net: NetName=GND Pin=IDCOut-9
Added Pin To Net: NetName=GND Pin=IDCOut-10
Added Pin To Net: NetName=GND Pin=Q-4
Added Pin To Net: NetName=GND Pin=Supply-1
Added Net: Name=GND
Added Pin To Net: NetName=Net74_2 Pin=74-2
Added Pin To Net: NetName=Net74_2 Pin=86-3
Added Net: Name=Net74_2
Added Pin To Net: NetName=Net74_6 Pin=74-6
Added Pin To Net: NetName=Net74_6 Pin=74-11
Added Net: Name=Net74_6
Added Pin To Net: NetName=Net74_8 Pin=74-8
Added Pin To Net: NetName=Net74_8 Pin=74_-3
Added Net: Name=Net74_8
Added Pin To Net: NetName=Net74_12 Pin=74-12
Added Pin To Net: NetName=Net74_12 Pin=86-6
Added Net: Name=Net74_12
Added Pin To Net: NetName=Net74__2 Pin=74_-2
Added Pin To Net: NetName=Net74__2 Pin=86-8
Added Net: Name=Net74__2
Added Pin To Net: NetName=Q0 Pin=74-5
Added Pin To Net: NetName=Q0 Pin=86-1
Added Pin To Net: NetName=Q0 Pin=IDCOut-2
Added Pin To Net: NetName=Q0 Pin=Q-1
Added Net: Name=Q0
Added Pin To Net: NetName=Q1 Pin=74-9
Added Pin To Net: NetName=Q1 Pin=86-4
Added Pin To Net: NetName=Q1 Pin=IDCOut-4
Added Pin To Net: NetName=Q1 Pin=Q-2
Added Net: Name=Q1
Added Pin To Net: NetName=Q2 Pin=74_-5
Added Pin To Net: NetName=Q2 Pin=86-9
Added Pin To Net: NetName=Q2 Pin=IDCOut-6
Added Pin To Net: NetName=Q2 Pin=Q-3
Added Net: Name=Q2
Added Pin To Net: NetName=VCC Pin=74-1
Added Pin To Net: NetName=VCC Pin=74-4
Added Pin To Net: NetName=VCC Pin=74-10
Added Pin To Net: NetName=VCC Pin=74-13
Added Pin To Net: NetName=VCC Pin=74-14
Added Pin To Net: NetName=VCC Pin=74_-1
Added Pin To Net: NetName=VCC Pin=74_-4
Added Pin To Net: NetName=VCC Pin=74_-10
Added Pin To Net: NetName=VCC Pin=74_-14
Added Pin To Net: NetName=VCC Pin=86-2
Added Pin To Net: NetName=VCC Pin=86-5
Added Pin To Net: NetName=VCC Pin=86-10
Added Pin To Net: NetName=VCC Pin=86-14
Added Pin To Net: NetName=VCC Pin=IDCOut-1
Added Pin To Net: NetName=VCC Pin=Supply-2
Added Net: Name=VCC
Added Class: Name=asinc_counter
Added Room: Name=asinc_counter
