Added Component: Designator=AsincOut(BORNERA4)
Added Component: Designator=CLK(BORNERA2)
Added Component: Designator=Dec(DIP16)
Added Component: Designator=DS1(A)
Added Component: Designator=JA(JUMPER3)
Added Component: Designator=JS(JUMPER3)
Added Component: Designator=Q0A(TPTH)
Added Component: Designator=Q0S(TPTH)
Added Component: Designator=Q1A(TPTH)
Added Component: Designator=Q1S(TPTH)
Added Component: Designator=Q2A(TPTH)
Added Component: Designator=Q2S(TPTH)
Added Component: Designator=SincOut(BORNERA4)
Added Component: Designator=Supply(BORNERA2)
Added Component: Designator=U1(N014)
Added Component: Designator=U2(N014)
Added Component: Designator=U3(N014)
Added Component: Designator=U4(N014)
Added Component: Designator=U5(N014D)
Added Component: Designator=U6(N014D)
Added Component: Designator=U7(N014D)
Added Component: Designator=ZS(TPTH)
Added Pin To Net: NetName=CLK Pin=CLK-2
Added Pin To Net: NetName=CLK Pin=Dec-5
Added Pin To Net: NetName=CLK Pin=U5-3
Added Pin To Net: NetName=CLK Pin=U6-11
Added Pin To Net: NetName=CLK Pin=U7-3
Added Pin To Net: NetName=CLK Pin=U7-11
Added Net: Name=CLK
Added Pin To Net: NetName=EA Pin=JA-2
Added Pin To Net: NetName=EA Pin=U1-2
Added Pin To Net: NetName=EA Pin=U5-1
Added Pin To Net: NetName=EA Pin=U5-13
Added Pin To Net: NetName=EA Pin=U6-1
Added Net: Name=EA
Added Pin To Net: NetName=ES Pin=JS-2
Added Pin To Net: NetName=ES Pin=U2-2
Added Pin To Net: NetName=ES Pin=U3-1
Added Pin To Net: NetName=ES Pin=U6-13
Added Pin To Net: NetName=ES Pin=U7-1
Added Pin To Net: NetName=ES Pin=U7-13
Added Net: Name=ES
Added Pin To Net: NetName=GND Pin=AsincOut-4
Added Pin To Net: NetName=GND Pin=CLK-1
Added Pin To Net: NetName=GND Pin=Dec-6
Added Pin To Net: NetName=GND Pin=Dec-8
Added Pin To Net: NetName=GND Pin=DS1-1
Added Pin To Net: NetName=GND Pin=DS1-6
Added Pin To Net: NetName=GND Pin=DS1-7
Added Pin To Net: NetName=GND Pin=JA-3
Added Pin To Net: NetName=GND Pin=JS-3
Added Pin To Net: NetName=GND Pin=SincOut-4
Added Pin To Net: NetName=GND Pin=Supply-1
Added Pin To Net: NetName=GND Pin=U1-7
Added Pin To Net: NetName=GND Pin=U1-12
Added Pin To Net: NetName=GND Pin=U1-13
Added Pin To Net: NetName=GND Pin=U2-7
Added Pin To Net: NetName=GND Pin=U2-12
Added Pin To Net: NetName=GND Pin=U2-13
Added Pin To Net: NetName=GND Pin=U3-7
Added Pin To Net: NetName=GND Pin=U3-12
Added Pin To Net: NetName=GND Pin=U3-13
Added Pin To Net: NetName=GND Pin=U4-7
Added Pin To Net: NetName=GND Pin=U4-12
Added Pin To Net: NetName=GND Pin=U4-13
Added Pin To Net: NetName=GND Pin=U5-7
Added Pin To Net: NetName=GND Pin=U6-7
Added Pin To Net: NetName=GND Pin=U7-7
Added Net: Name=GND
Added Pin To Net: NetName=NetDec_9 Pin=Dec-9
Added Pin To Net: NetName=NetDec_9 Pin=DS1-4
Added Net: Name=NetDec_9
Added Pin To Net: NetName=NetDec_10 Pin=Dec-10
Added Pin To Net: NetName=NetDec_10 Pin=DS1-5
Added Net: Name=NetDec_10
Added Pin To Net: NetName=NetDec_11 Pin=Dec-11
Added Pin To Net: NetName=NetDec_11 Pin=DS1-8
Added Net: Name=NetDec_11
Added Pin To Net: NetName=NetDec_12 Pin=Dec-12
Added Pin To Net: NetName=NetDec_12 Pin=DS1-9
Added Net: Name=NetDec_12
Added Pin To Net: NetName=NetDec_13 Pin=Dec-13
Added Pin To Net: NetName=NetDec_13 Pin=DS1-10
Added Net: Name=NetDec_13
Added Pin To Net: NetName=NetDec_14 Pin=Dec-14
Added Pin To Net: NetName=NetDec_14 Pin=DS1-3
Added Net: Name=NetDec_14
Added Pin To Net: NetName=NetDec_15 Pin=Dec-15
Added Pin To Net: NetName=NetDec_15 Pin=DS1-2
Added Net: Name=NetDec_15
Added Pin To Net: NetName=NetU1_3 Pin=U1-3
Added Pin To Net: NetName=NetU1_3 Pin=U5-2
Added Net: Name=NetU1_3
Added Pin To Net: NetName=NetU1_6 Pin=U1-6
Added Pin To Net: NetName=NetU1_6 Pin=U5-12
Added Net: Name=NetU1_6
Added Pin To Net: NetName=NetU1_8 Pin=U1-8
Added Pin To Net: NetName=NetU1_8 Pin=U6-2
Added Net: Name=NetU1_8
Added Pin To Net: NetName=NetU2_3 Pin=U2-3
Added Pin To Net: NetName=NetU2_3 Pin=U6-12
Added Net: Name=NetU2_3
Added Pin To Net: NetName=NetU2_5 Pin=U2-5
Added Pin To Net: NetName=NetU2_5 Pin=U3-3
Added Pin To Net: NetName=NetU2_5 Pin=U3-4
Added Net: Name=NetU2_5
Added Pin To Net: NetName=NetU2_6 Pin=U2-6
Added Pin To Net: NetName=NetU2_6 Pin=U7-2
Added Net: Name=NetU2_6
Added Pin To Net: NetName=NetU2_8 Pin=U2-8
Added Pin To Net: NetName=NetU2_8 Pin=U7-12
Added Net: Name=NetU2_8
Added Pin To Net: NetName=NetU2_10 Pin=U2-10
Added Pin To Net: NetName=NetU2_10 Pin=U3-6
Added Pin To Net: NetName=NetU2_10 Pin=U3-9
Added Net: Name=NetU2_10
Added Pin To Net: NetName=NetU3_8 Pin=U3-8
Added Pin To Net: NetName=NetU3_8 Pin=ZS-1
Added Net: Name=NetU3_8
Added Pin To Net: NetName=NetU5_6 Pin=U5-6
Added Pin To Net: NetName=NetU5_6 Pin=U5-11
Added Net: Name=NetU5_6
Added Pin To Net: NetName=NetU5_8 Pin=U5-8
Added Pin To Net: NetName=NetU5_8 Pin=U6-3
Added Net: Name=NetU5_8
Added Pin To Net: NetName=Q0A Pin=AsincOut-1
Added Pin To Net: NetName=Q0A Pin=Q0A-1
Added Pin To Net: NetName=Q0A Pin=U1-1
Added Pin To Net: NetName=Q0A Pin=U4-1
Added Pin To Net: NetName=Q0A Pin=U5-5
Added Net: Name=Q0A
Added Pin To Net: NetName=Q0S Pin=Q0S-1
Added Pin To Net: NetName=Q0S Pin=SincOut-1
Added Pin To Net: NetName=Q0S Pin=U2-1
Added Pin To Net: NetName=Q0S Pin=U3-2
Added Pin To Net: NetName=Q0S Pin=U4-2
Added Pin To Net: NetName=Q0S Pin=U6-9
Added Net: Name=Q0S
Added Pin To Net: NetName=Q0 Pin=Dec-7
Added Pin To Net: NetName=Q0 Pin=U4-3
Added Net: Name=Q0
Added Pin To Net: NetName=Q1A Pin=AsincOut-2
Added Pin To Net: NetName=Q1A Pin=Q1A-1
Added Pin To Net: NetName=Q1A Pin=U1-4
Added Pin To Net: NetName=Q1A Pin=U4-4
Added Pin To Net: NetName=Q1A Pin=U5-9
Added Net: Name=Q1A
Added Pin To Net: NetName=Q1S Pin=Q1S-1
Added Pin To Net: NetName=Q1S Pin=SincOut-2
Added Pin To Net: NetName=Q1S Pin=U2-4
Added Pin To Net: NetName=Q1S Pin=U3-5
Added Pin To Net: NetName=Q1S Pin=U4-5
Added Pin To Net: NetName=Q1S Pin=U7-5
Added Net: Name=Q1S
Added Pin To Net: NetName=Q1 Pin=Dec-1
Added Pin To Net: NetName=Q1 Pin=U4-6
Added Net: Name=Q1
Added Pin To Net: NetName=Q2A Pin=AsincOut-3
Added Pin To Net: NetName=Q2A Pin=Q2A-1
Added Pin To Net: NetName=Q2A Pin=U1-9
Added Pin To Net: NetName=Q2A Pin=U4-9
Added Pin To Net: NetName=Q2A Pin=U6-5
Added Net: Name=Q2A
Added Pin To Net: NetName=Q2S Pin=Q2S-1
Added Pin To Net: NetName=Q2S Pin=SincOut-3
Added Pin To Net: NetName=Q2S Pin=U2-9
Added Pin To Net: NetName=Q2S Pin=U3-10
Added Pin To Net: NetName=Q2S Pin=U4-10
Added Pin To Net: NetName=Q2S Pin=U7-9
Added Net: Name=Q2S
Added Pin To Net: NetName=Q2 Pin=Dec-2
Added Pin To Net: NetName=Q2 Pin=U4-8
Added Net: Name=Q2
Added Pin To Net: NetName=VCC Pin=Dec-3
Added Pin To Net: NetName=VCC Pin=Dec-4
Added Pin To Net: NetName=VCC Pin=Dec-16
Added Pin To Net: NetName=VCC Pin=JA-1
Added Pin To Net: NetName=VCC Pin=JS-1
Added Pin To Net: NetName=VCC Pin=Supply-2
Added Pin To Net: NetName=VCC Pin=U1-5
Added Pin To Net: NetName=VCC Pin=U1-10
Added Pin To Net: NetName=VCC Pin=U1-14
Added Pin To Net: NetName=VCC Pin=U2-14
Added Pin To Net: NetName=VCC Pin=U3-14
Added Pin To Net: NetName=VCC Pin=U4-14
Added Pin To Net: NetName=VCC Pin=U5-4
Added Pin To Net: NetName=VCC Pin=U5-10
Added Pin To Net: NetName=VCC Pin=U5-14
Added Pin To Net: NetName=VCC Pin=U6-4
Added Pin To Net: NetName=VCC Pin=U6-10
Added Pin To Net: NetName=VCC Pin=U6-14
Added Pin To Net: NetName=VCC Pin=U7-4
Added Pin To Net: NetName=VCC Pin=U7-10
Added Pin To Net: NetName=VCC Pin=U7-14
Added Net: Name=VCC
Added Class: Name=counter
Added Room: Name=counter
